-- Found ament_cmake: 1.3.11 (/opt/ros/humble/share/ament_cmake/cmake)
-- Found rclcpp: 16.0.11 (/opt/ros/humble/share/rclcpp/cmake)
-- Found rosidl_generator_c: 3.1.6 (/opt/ros/humble/share/rosidl_generator_c/cmake)
-- Found rosidl_adapter: 3.1.6 (/opt/ros/humble/share/rosidl_adapter/cmake)
-- Found rosidl_generator_cpp: 3.1.6 (/opt/ros/humble/share/rosidl_generator_cpp/cmake)
-- Using all available rosidl_typesupport_c: rosidl_typesupport_fastrtps_c;rosidl_typesupport_introspection_c
-- Using all available rosidl_typesupport_cpp: rosidl_typesupport_fastrtps_cpp;rosidl_typesupport_introspection_cpp
-- Found rmw_implementation_cmake: 6.1.2 (/opt/ros/humble/share/rmw_implementation_cmake/cmake)
-- Found rmw_fastrtps_cpp: 6.2.7 (/opt/ros/humble/share/rmw_fastrtps_cpp/cmake)
-- Using RMW implementation 'rmw_fastrtps_cpp' as default
-- Found serial: 1.2.0 (/home/knn/USB_test/install/serial/share/serial/cmake)
-- Found usb_v1: 0.0.0 (/home/knn/USB_test/install/usb_v1/share/usb_v1/cmake)
-- Found rosidl_default_generators: 1.2.0 (/opt/ros/humble/share/rosidl_default_generators/cmake)
-- Found ament_cmake_ros: 0.10.0 (/opt/ros/humble/share/ament_cmake_ros/cmake)
-- Using all available rosidl_typesupport_c: rosidl_typesupport_fastrtps_c;rosidl_typesupport_introspection_c
-- Using all available rosidl_typesupport_cpp: rosidl_typesupport_fastrtps_cpp;rosidl_typesupport_introspection_cpp
-- Found python_cmake_module: 0.10.0 (/opt/ros/humble/share/python_cmake_module/cmake)
-- Using PYTHON_EXECUTABLE: /usr/bin/python3
-- Using PYTHON_INCLUDE_DIRS: /usr/include/python3.10
-- Using PYTHON_LIBRARIES: /usr/lib/x86_64-linux-gnu/libpython3.10.so
-- Configuring done
-- Generating done
-- Build files have been written to: /home/knn/USB_test/build/usb_v1
[35m[1mConsolidate compiler generated dependencies of target listener[0m
[35m[1mConsolidate compiler generated dependencies of target usb_v1__rosidl_generator_c[0m
[35m[1mConsolidate compiler generated dependencies of target talker[0m
[  2%] Built target usb_v1__cpp
[ 11%] Built target usb_v1__rosidl_generator_c
[ 14%] [32mBuilding CXX object CMakeFiles/listener.dir/src/Print_Data.cpp.o[0m
[ 14%] Built target ament_cmake_python_copy_usb_v1
[ 17%] [32mBuilding CXX object CMakeFiles/talker.dir/src/USB_esp.cpp.o[0m
[35m[1mConsolidate compiler generated dependencies of target usb_v1__rosidl_typesupport_fastrtps_c[0m
[35m[1mConsolidate compiler generated dependencies of target usb_v1__rosidl_typesupport_fastrtps_cpp[0m
[35m[1mConsolidate compiler generated dependencies of target usb_v1__rosidl_typesupport_introspection_cpp[0m
[35m[1mConsolidate compiler generated dependencies of target usb_v1__rosidl_typesupport_cpp[0m
[35m[1mConsolidate compiler generated dependencies of target usb_v1__rosidl_typesupport_c[0m
[35m[1mConsolidate compiler generated dependencies of target usb_v1__rosidl_typesupport_introspection_c[0m
[ 25%] Built target usb_v1__rosidl_typesupport_fastrtps_c
[ 51%] Built target usb_v1__rosidl_typesupport_c
[ 51%] Built target usb_v1__rosidl_typesupport_introspection_cpp
[ 51%] Built target usb_v1__rosidl_typesupport_fastrtps_cpp
[ 60%] Built target usb_v1__rosidl_typesupport_introspection_c
[ 68%] Built target usb_v1__rosidl_typesupport_cpp
[ 68%] Built target usb_v1
[ 71%] Built target usb_v1__py
[35m[1mConsolidate compiler generated dependencies of target usb_v1__rosidl_generator_py[0m
[ 77%] Built target usb_v1__rosidl_generator_py
[35m[1mConsolidate compiler generated dependencies of target usb_v1__rosidl_typesupport_introspection_c__pyext[0m
[35m[1mConsolidate compiler generated dependencies of target usb_v1__rosidl_typesupport_c__pyext[0m
[35m[1mConsolidate compiler generated dependencies of target usb_v1__rosidl_typesupport_fastrtps_c__pyext[0m
[ 88%] Built target usb_v1__rosidl_typesupport_c__pyext
[ 88%] Built target usb_v1__rosidl_typesupport_introspection_c__pyext
[ 94%] Built target usb_v1__rosidl_typesupport_fastrtps_c__pyext
running egg_info
writing usb_v1.egg-info/PKG-INFO
writing dependency_links to usb_v1.egg-info/dependency_links.txt
writing top-level names to usb_v1.egg-info/top_level.txt
reading manifest file 'usb_v1.egg-info/SOURCES.txt'
writing manifest file 'usb_v1.egg-info/SOURCES.txt'
[ 94%] Built target ament_cmake_python_build_usb_v1_egg
[01m[K/home/knn/USB_test/src/usb_v1/src/Print_Data.cpp:[m[K In constructor â€˜[01m[KPrintData::PrintData()[m[Kâ€™:
[01m[K/home/knn/USB_test/src/usb_v1/src/Print_Data.cpp:69:112:[m[K [01;31m[Kerror: [m[Kâ€˜[01m[K_1[m[Kâ€™ was not declared in this scope; did you mean â€˜[01m[Kstd::placeholders::_1[m[Kâ€™?
   69 |         subJoy = create_subscription<usb_v1::msg::Joy>("Data", 10, std::bind(&PrintData::topic_callback, this, [01;31m[K_1[m[K)); // create subscription
      |                                                                                                                [01;31m[K^~[m[K
      |                                                                                                                [32m[Kstd::placeholders::_1[m[K
In file included from [01m[K/usr/include/c++/11/pstl/glue_algorithm_defs.h:13[m[K,
                 from [01m[K/usr/include/c++/11/algorithm:74[m[K,
                 from [01m[K/opt/ros/humble/include/rclcpp/rclcpp/executor.hpp:18[m[K,
                 from [01m[K/opt/ros/humble/include/rclcpp/rclcpp/executors/multi_threaded_executor.hpp:25[m[K,
                 from [01m[K/opt/ros/humble/include/rclcpp/rclcpp/executors.hpp:21[m[K,
                 from [01m[K/opt/ros/humble/include/rclcpp/rclcpp/rclcpp.hpp:155[m[K,
                 from [01m[K/home/knn/USB_test/src/usb_v1/src/Print_Data.cpp:9[m[K:
[01m[K/usr/include/c++/11/functional:225:34:[m[K [01;36m[Knote: [m[Kâ€˜[01m[Kstd::placeholders::_1[m[Kâ€™ declared here
  225 |     extern const _Placeholder<1> [01;36m[K_1[m[K;
      |                                  [01;36m[K^~[m[K
In file included from [01m[K/opt/ros/humble/include/rclcpp/rclcpp/logging.hpp:24[m[K,
                 from [01m[K/opt/ros/humble/include/rclcpp/rclcpp/client.hpp:40[m[K,
                 from [01m[K/opt/ros/humble/include/rclcpp/rclcpp/callback_group.hpp:24[m[K,
                 from [01m[K/opt/ros/humble/include/rclcpp/rclcpp/any_executable.hpp:20[m[K,
                 from [01m[K/opt/ros/humble/include/rclcpp/rclcpp/memory_strategy.hpp:25[m[K,
                 from [01m[K/opt/ros/humble/include/rclcpp/rclcpp/memory_strategies.hpp:18[m[K,
                 from [01m[K/opt/ros/humble/include/rclcpp/rclcpp/executor_options.hpp:20[m[K,
                 from [01m[K/opt/ros/humble/include/rclcpp/rclcpp/executor.hpp:37[m[K,
                 from [01m[K/opt/ros/humble/include/rclcpp/rclcpp/executors/multi_threaded_executor.hpp:25[m[K,
                 from [01m[K/opt/ros/humble/include/rclcpp/rclcpp/executors.hpp:21[m[K,
                 from [01m[K/opt/ros/humble/include/rclcpp/rclcpp/rclcpp.hpp:155[m[K,
                 from [01m[K/home/knn/USB_test/src/usb_v1/src/Print_Data.cpp:9[m[K:
[01m[K/home/knn/USB_test/src/usb_v1/src/Print_Data.cpp:[m[K In member function â€˜[01m[Kvoid PrintData::topic_callback(const Joy&)[m[Kâ€™:
[01m[K/home/knn/USB_test/src/usb_v1/src/Print_Data.cpp:78:25:[m[K [01;31m[Kerror: [m[Kâ€˜[01m[Kconst Joy[m[Kâ€™ {aka â€˜[01m[Kconst struct usb_v1::msg::Joy_<std::allocator<void> >[m[Kâ€™} has no member named â€˜[01m[Kmove1[m[Kâ€™; did you mean â€˜[01m[Kmove_1[m[Kâ€™?
   78 |                     msg.[01;31m[Kmove1[m[K,
      |                         [01;31m[K^~~~~[m[K
[01m[K/home/knn/USB_test/src/usb_v1/src/Print_Data.cpp:79:25:[m[K [01;31m[Kerror: [m[Kâ€˜[01m[Kconst Joy[m[Kâ€™ {aka â€˜[01m[Kconst struct usb_v1::msg::Joy_<std::allocator<void> >[m[Kâ€™} has no member named â€˜[01m[Kmove2[m[Kâ€™; did you mean â€˜[01m[Kmove_2[m[Kâ€™?
   79 |                     msg.[01;31m[Kmove2[m[K,
      |                         [01;31m[K^~~~~[m[K
[01m[K/home/knn/USB_test/src/usb_v1/src/Print_Data.cpp:80:25:[m[K [01;31m[Kerror: [m[Kâ€˜[01m[Kconst Joy[m[Kâ€™ {aka â€˜[01m[Kconst struct usb_v1::msg::Joy_<std::allocator<void> >[m[Kâ€™} has no member named â€˜[01m[Kmove3[m[Kâ€™; did you mean â€˜[01m[Kmove_3[m[Kâ€™?
   80 |                     msg.[01;31m[Kmove3[m[K,
      |                         [01;31m[K^~~~~[m[K
[01m[K/home/knn/USB_test/src/usb_v1/src/Print_Data.cpp:81:25:[m[K [01;31m[Kerror: [m[Kâ€˜[01m[Kconst Joy[m[Kâ€™ {aka â€˜[01m[Kconst struct usb_v1::msg::Joy_<std::allocator<void> >[m[Kâ€™} has no member named â€˜[01m[Kmove4[m[Kâ€™; did you mean â€˜[01m[Kmove_4[m[Kâ€™?
   81 |                     msg.[01;31m[Kmove4[m[K,
      |                         [01;31m[K^~~~~[m[K
[01m[K/home/knn/USB_test/src/usb_v1/src/Print_Data.cpp:88:25:[m[K [01;31m[Kerror: [m[Kâ€˜[01m[Kconst Joy[m[Kâ€™ {aka â€˜[01m[Kconst struct usb_v1::msg::Joy_<std::allocator<void> >[m[Kâ€™} has no member named â€˜[01m[Ksticklx[m[Kâ€™; did you mean â€˜[01m[Kstick_lx[m[Kâ€™?
   88 |                     msg.[01;31m[Ksticklx[m[K,
      |                         [01;31m[K^~~~~~~[m[K
[01m[K/home/knn/USB_test/src/usb_v1/src/Print_Data.cpp:89:25:[m[K [01;31m[Kerror: [m[Kâ€˜[01m[Kconst Joy[m[Kâ€™ {aka â€˜[01m[Kconst struct usb_v1::msg::Joy_<std::allocator<void> >[m[Kâ€™} has no member named â€˜[01m[Kstickly[m[Kâ€™; did you mean â€˜[01m[Kstick_ly[m[Kâ€™?
   89 |                     msg.[01;31m[Kstickly[m[K,
      |                         [01;31m[K^~~~~~~[m[K
[01m[K/home/knn/USB_test/src/usb_v1/src/Print_Data.cpp:90:25:[m[K [01;31m[Kerror: [m[Kâ€˜[01m[Kconst Joy[m[Kâ€™ {aka â€˜[01m[Kconst struct usb_v1::msg::Joy_<std::allocator<void> >[m[Kâ€™} has no member named â€˜[01m[Kstickrx[m[Kâ€™; did you mean â€˜[01m[Kstick_rx[m[Kâ€™?
   90 |                     msg.[01;31m[Kstickrx[m[K,
      |                         [01;31m[K^~~~~~~[m[K
[01m[K/home/knn/USB_test/src/usb_v1/src/Print_Data.cpp:91:25:[m[K [01;31m[Kerror: [m[Kâ€˜[01m[Kconst Joy[m[Kâ€™ {aka â€˜[01m[Kconst struct usb_v1::msg::Joy_<std::allocator<void> >[m[Kâ€™} has no member named â€˜[01m[Kstickry[m[Kâ€™; did you mean â€˜[01m[Kstick_ry[m[Kâ€™?
   91 |                     msg.[01;31m[Kstickry[m[K);
      |                         [01;31m[K^~~~~~~[m[K
gmake[2]: *** [CMakeFiles/listener.dir/build.make:76: CMakeFiles/listener.dir/src/Print_Data.cpp.o] Error 1
gmake[1]: *** [CMakeFiles/Makefile2:210: CMakeFiles/listener.dir/all] Error 2
gmake[1]: *** Waiting for unfinished jobs....
[ 97%] [32m[1mLinking CXX executable talker[0m
[ 97%] Built target talker
gmake: *** [Makefile:146: all] Error 2
