[0.008s] Invoking command in '/home/knn/USB_test/build/usb_v1': AMENT_PREFIX_PATH=/home/knn/USB_test/install/serial:${AMENT_PREFIX_PATH} CMAKE_PREFIX_PATH=/home/knn/USB_test/install/serial:/home/knn/abu2025_ws/install/ust_05ln_ros2:/home/knn/abu2025_ws/install/irob_maneuv3r:/home/knn/abu2025_ws/install/irob_launcher:/home/knn/abu2025_ws/install/irob_interface:/home/knn/abu2025_ws/install/irob_controller:/home/knn/abu2025_ws/install/irob_msgs:/home/knn/abu2025_ws/install/abu2025_ros2:/opt/ros/humble LD_LIBRARY_PATH=/home/knn/USB_test/install/serial/lib:${LD_LIBRARY_PATH} /usr/bin/cmake --build /home/knn/USB_test/build/usb_v1 -- -j12 -l12
[0.033s] -- Found ament_cmake: 1.3.11 (/opt/ros/humble/share/ament_cmake/cmake)
[0.117s] -- Found rclcpp: 16.0.11 (/opt/ros/humble/share/rclcpp/cmake)
[0.135s] -- Found rosidl_generator_c: 3.1.6 (/opt/ros/humble/share/rosidl_generator_c/cmake)
[0.136s] -- Found rosidl_adapter: 3.1.6 (/opt/ros/humble/share/rosidl_adapter/cmake)
[0.139s] -- Found rosidl_generator_cpp: 3.1.6 (/opt/ros/humble/share/rosidl_generator_cpp/cmake)
[0.145s] -- Using all available rosidl_typesupport_c: rosidl_typesupport_fastrtps_c;rosidl_typesupport_introspection_c
[0.152s] -- Using all available rosidl_typesupport_cpp: rosidl_typesupport_fastrtps_cpp;rosidl_typesupport_introspection_cpp
[0.169s] -- Found rmw_implementation_cmake: 6.1.2 (/opt/ros/humble/share/rmw_implementation_cmake/cmake)
[0.170s] -- Found rmw_fastrtps_cpp: 6.2.7 (/opt/ros/humble/share/rmw_fastrtps_cpp/cmake)
[0.234s] -- Using RMW implementation 'rmw_fastrtps_cpp' as default
[0.262s] -- Found serial: 1.2.0 (/home/knn/USB_test/install/serial/share/serial/cmake)
[0.263s] -- Found usb_v1: 0.0.0 (/home/knn/USB_test/install/usb_v1/share/usb_v1/cmake)
[0.279s] -- Found rosidl_default_generators: 1.2.0 (/opt/ros/humble/share/rosidl_default_generators/cmake)
[0.472s] -- Found ament_cmake_ros: 0.10.0 (/opt/ros/humble/share/ament_cmake_ros/cmake)
[0.737s] -- Using all available rosidl_typesupport_c: rosidl_typesupport_fastrtps_c;rosidl_typesupport_introspection_c
[0.840s] -- Using all available rosidl_typesupport_cpp: rosidl_typesupport_fastrtps_cpp;rosidl_typesupport_introspection_cpp
[0.856s] -- Found python_cmake_module: 0.10.0 (/opt/ros/humble/share/python_cmake_module/cmake)
[0.872s] -- Using PYTHON_EXECUTABLE: /usr/bin/python3
[0.872s] -- Using PYTHON_INCLUDE_DIRS: /usr/include/python3.10
[0.872s] -- Using PYTHON_LIBRARIES: /usr/lib/x86_64-linux-gnu/libpython3.10.so
[0.895s] -- Configuring done
[0.916s] -- Generating done
[0.925s] -- Build files have been written to: /home/knn/USB_test/build/usb_v1
[0.949s] [35m[1mConsolidate compiler generated dependencies of target listener[0m
[0.949s] [35m[1mConsolidate compiler generated dependencies of target usb_v1__rosidl_generator_c[0m
[0.951s] [35m[1mConsolidate compiler generated dependencies of target talker[0m
[0.961s] [  2%] Built target usb_v1__cpp
[0.962s] [ 11%] Built target usb_v1__rosidl_generator_c
[0.964s] [ 14%] [32mBuilding CXX object CMakeFiles/listener.dir/src/Print_Data.cpp.o[0m
[0.971s] [ 14%] Built target ament_cmake_python_copy_usb_v1
[0.971s] [ 17%] [32mBuilding CXX object CMakeFiles/talker.dir/src/USB_esp.cpp.o[0m
[0.973s] [35m[1mConsolidate compiler generated dependencies of target usb_v1__rosidl_typesupport_fastrtps_c[0m
[0.974s] [35m[1mConsolidate compiler generated dependencies of target usb_v1__rosidl_typesupport_fastrtps_cpp[0m
[0.974s] [35m[1mConsolidate compiler generated dependencies of target usb_v1__rosidl_typesupport_introspection_cpp[0m
[0.974s] [35m[1mConsolidate compiler generated dependencies of target usb_v1__rosidl_typesupport_cpp[0m
[0.975s] [35m[1mConsolidate compiler generated dependencies of target usb_v1__rosidl_typesupport_c[0m
[0.976s] [35m[1mConsolidate compiler generated dependencies of target usb_v1__rosidl_typesupport_introspection_c[0m
[0.987s] [ 25%] Built target usb_v1__rosidl_typesupport_fastrtps_c
[0.989s] [ 51%] Built target usb_v1__rosidl_typesupport_c
[0.989s] [ 51%] Built target usb_v1__rosidl_typesupport_introspection_cpp
[0.989s] [ 51%] Built target usb_v1__rosidl_typesupport_fastrtps_cpp
[0.989s] [ 60%] Built target usb_v1__rosidl_typesupport_introspection_c
[0.990s] [ 68%] Built target usb_v1__rosidl_typesupport_cpp
[1.010s] [ 68%] Built target usb_v1
[1.033s] [ 71%] Built target usb_v1__py
[1.042s] [35m[1mConsolidate compiler generated dependencies of target usb_v1__rosidl_generator_py[0m
[1.055s] [ 77%] Built target usb_v1__rosidl_generator_py
[1.069s] [35m[1mConsolidate compiler generated dependencies of target usb_v1__rosidl_typesupport_introspection_c__pyext[0m
[1.069s] [35m[1mConsolidate compiler generated dependencies of target usb_v1__rosidl_typesupport_c__pyext[0m
[1.069s] [35m[1mConsolidate compiler generated dependencies of target usb_v1__rosidl_typesupport_fastrtps_c__pyext[0m
[1.084s] [ 88%] Built target usb_v1__rosidl_typesupport_c__pyext
[1.085s] [ 88%] Built target usb_v1__rosidl_typesupport_introspection_c__pyext
[1.085s] [ 94%] Built target usb_v1__rosidl_typesupport_fastrtps_c__pyext
[1.262s] running egg_info
[1.263s] writing usb_v1.egg-info/PKG-INFO
[1.263s] writing dependency_links to usb_v1.egg-info/dependency_links.txt
[1.263s] writing top-level names to usb_v1.egg-info/top_level.txt
[1.266s] reading manifest file 'usb_v1.egg-info/SOURCES.txt'
[1.266s] writing manifest file 'usb_v1.egg-info/SOURCES.txt'
[1.294s] [ 94%] Built target ament_cmake_python_build_usb_v1_egg
[2.473s] [01m[K/home/knn/USB_test/src/usb_v1/src/Print_Data.cpp:[m[K In constructor â€˜[01m[KPrintData::PrintData()[m[Kâ€™:
[2.473s] [01m[K/home/knn/USB_test/src/usb_v1/src/Print_Data.cpp:69:112:[m[K [01;31m[Kerror: [m[Kâ€˜[01m[K_1[m[Kâ€™ was not declared in this scope; did you mean â€˜[01m[Kstd::placeholders::_1[m[Kâ€™?
[2.473s]    69 |         subJoy = create_subscription<usb_v1::msg::Joy>("Data", 10, std::bind(&PrintData::topic_callback, this, [01;31m[K_1[m[K)); // create subscription
[2.473s]       |                                                                                                                [01;31m[K^~[m[K
[2.473s]       |                                                                                                                [32m[Kstd::placeholders::_1[m[K
[2.473s] In file included from [01m[K/usr/include/c++/11/pstl/glue_algorithm_defs.h:13[m[K,
[2.473s]                  from [01m[K/usr/include/c++/11/algorithm:74[m[K,
[2.473s]                  from [01m[K/opt/ros/humble/include/rclcpp/rclcpp/executor.hpp:18[m[K,
[2.474s]                  from [01m[K/opt/ros/humble/include/rclcpp/rclcpp/executors/multi_threaded_executor.hpp:25[m[K,
[2.474s]                  from [01m[K/opt/ros/humble/include/rclcpp/rclcpp/executors.hpp:21[m[K,
[2.474s]                  from [01m[K/opt/ros/humble/include/rclcpp/rclcpp/rclcpp.hpp:155[m[K,
[2.474s]                  from [01m[K/home/knn/USB_test/src/usb_v1/src/Print_Data.cpp:9[m[K:
[2.474s] [01m[K/usr/include/c++/11/functional:225:34:[m[K [01;36m[Knote: [m[Kâ€˜[01m[Kstd::placeholders::_1[m[Kâ€™ declared here
[2.474s]   225 |     extern const _Placeholder<1> [01;36m[K_1[m[K;
[2.474s]       |                                  [01;36m[K^~[m[K
[2.474s] In file included from [01m[K/opt/ros/humble/include/rclcpp/rclcpp/logging.hpp:24[m[K,
[2.474s]                  from [01m[K/opt/ros/humble/include/rclcpp/rclcpp/client.hpp:40[m[K,
[2.474s]                  from [01m[K/opt/ros/humble/include/rclcpp/rclcpp/callback_group.hpp:24[m[K,
[2.474s]                  from [01m[K/opt/ros/humble/include/rclcpp/rclcpp/any_executable.hpp:20[m[K,
[2.474s]                  from [01m[K/opt/ros/humble/include/rclcpp/rclcpp/memory_strategy.hpp:25[m[K,
[2.474s]                  from [01m[K/opt/ros/humble/include/rclcpp/rclcpp/memory_strategies.hpp:18[m[K,
[2.475s]                  from [01m[K/opt/ros/humble/include/rclcpp/rclcpp/executor_options.hpp:20[m[K,
[2.475s]                  from [01m[K/opt/ros/humble/include/rclcpp/rclcpp/executor.hpp:37[m[K,
[2.475s]                  from [01m[K/opt/ros/humble/include/rclcpp/rclcpp/executors/multi_threaded_executor.hpp:25[m[K,
[2.475s]                  from [01m[K/opt/ros/humble/include/rclcpp/rclcpp/executors.hpp:21[m[K,
[2.475s]                  from [01m[K/opt/ros/humble/include/rclcpp/rclcpp/rclcpp.hpp:155[m[K,
[2.475s]                  from [01m[K/home/knn/USB_test/src/usb_v1/src/Print_Data.cpp:9[m[K:
[2.475s] [01m[K/home/knn/USB_test/src/usb_v1/src/Print_Data.cpp:[m[K In member function â€˜[01m[Kvoid PrintData::topic_callback(const Joy&)[m[Kâ€™:
[2.475s] [01m[K/home/knn/USB_test/src/usb_v1/src/Print_Data.cpp:78:25:[m[K [01;31m[Kerror: [m[Kâ€˜[01m[Kconst Joy[m[Kâ€™ {aka â€˜[01m[Kconst struct usb_v1::msg::Joy_<std::allocator<void> >[m[Kâ€™} has no member named â€˜[01m[Kmove1[m[Kâ€™; did you mean â€˜[01m[Kmove_1[m[Kâ€™?
[2.475s]    78 |                     msg.[01;31m[Kmove1[m[K,
[2.475s]       |                         [01;31m[K^~~~~[m[K
[2.475s] [01m[K/home/knn/USB_test/src/usb_v1/src/Print_Data.cpp:79:25:[m[K [01;31m[Kerror: [m[Kâ€˜[01m[Kconst Joy[m[Kâ€™ {aka â€˜[01m[Kconst struct usb_v1::msg::Joy_<std::allocator<void> >[m[Kâ€™} has no member named â€˜[01m[Kmove2[m[Kâ€™; did you mean â€˜[01m[Kmove_2[m[Kâ€™?
[2.475s]    79 |                     msg.[01;31m[Kmove2[m[K,
[2.476s]       |                         [01;31m[K^~~~~[m[K
[2.476s] [01m[K/home/knn/USB_test/src/usb_v1/src/Print_Data.cpp:80:25:[m[K [01;31m[Kerror: [m[Kâ€˜[01m[Kconst Joy[m[Kâ€™ {aka â€˜[01m[Kconst struct usb_v1::msg::Joy_<std::allocator<void> >[m[Kâ€™} has no member named â€˜[01m[Kmove3[m[Kâ€™; did you mean â€˜[01m[Kmove_3[m[Kâ€™?
[2.476s]    80 |                     msg.[01;31m[Kmove3[m[K,
[2.476s]       |                         [01;31m[K^~~~~[m[K
[2.476s] [01m[K/home/knn/USB_test/src/usb_v1/src/Print_Data.cpp:81:25:[m[K [01;31m[Kerror: [m[Kâ€˜[01m[Kconst Joy[m[Kâ€™ {aka â€˜[01m[Kconst struct usb_v1::msg::Joy_<std::allocator<void> >[m[Kâ€™} has no member named â€˜[01m[Kmove4[m[Kâ€™; did you mean â€˜[01m[Kmove_4[m[Kâ€™?
[2.476s]    81 |                     msg.[01;31m[Kmove4[m[K,
[2.476s]       |                         [01;31m[K^~~~~[m[K
[2.476s] [01m[K/home/knn/USB_test/src/usb_v1/src/Print_Data.cpp:88:25:[m[K [01;31m[Kerror: [m[Kâ€˜[01m[Kconst Joy[m[Kâ€™ {aka â€˜[01m[Kconst struct usb_v1::msg::Joy_<std::allocator<void> >[m[Kâ€™} has no member named â€˜[01m[Ksticklx[m[Kâ€™; did you mean â€˜[01m[Kstick_lx[m[Kâ€™?
[2.476s]    88 |                     msg.[01;31m[Ksticklx[m[K,
[2.476s]       |                         [01;31m[K^~~~~~~[m[K
[2.476s] [01m[K/home/knn/USB_test/src/usb_v1/src/Print_Data.cpp:89:25:[m[K [01;31m[Kerror: [m[Kâ€˜[01m[Kconst Joy[m[Kâ€™ {aka â€˜[01m[Kconst struct usb_v1::msg::Joy_<std::allocator<void> >[m[Kâ€™} has no member named â€˜[01m[Kstickly[m[Kâ€™; did you mean â€˜[01m[Kstick_ly[m[Kâ€™?
[2.476s]    89 |                     msg.[01;31m[Kstickly[m[K,
[2.477s]       |                         [01;31m[K^~~~~~~[m[K
[2.477s] [01m[K/home/knn/USB_test/src/usb_v1/src/Print_Data.cpp:90:25:[m[K [01;31m[Kerror: [m[Kâ€˜[01m[Kconst Joy[m[Kâ€™ {aka â€˜[01m[Kconst struct usb_v1::msg::Joy_<std::allocator<void> >[m[Kâ€™} has no member named â€˜[01m[Kstickrx[m[Kâ€™; did you mean â€˜[01m[Kstick_rx[m[Kâ€™?
[2.477s]    90 |                     msg.[01;31m[Kstickrx[m[K,
[2.477s]       |                         [01;31m[K^~~~~~~[m[K
[2.477s] [01m[K/home/knn/USB_test/src/usb_v1/src/Print_Data.cpp:91:25:[m[K [01;31m[Kerror: [m[Kâ€˜[01m[Kconst Joy[m[Kâ€™ {aka â€˜[01m[Kconst struct usb_v1::msg::Joy_<std::allocator<void> >[m[Kâ€™} has no member named â€˜[01m[Kstickry[m[Kâ€™; did you mean â€˜[01m[Kstick_ry[m[Kâ€™?
[2.477s]    91 |                     msg.[01;31m[Kstickry[m[K);
[2.477s]       |                         [01;31m[K^~~~~~~[m[K
[2.757s] gmake[2]: *** [CMakeFiles/listener.dir/build.make:76: CMakeFiles/listener.dir/src/Print_Data.cpp.o] Error 1
[2.757s] gmake[1]: *** [CMakeFiles/Makefile2:210: CMakeFiles/listener.dir/all] Error 2
[2.757s] gmake[1]: *** Waiting for unfinished jobs....
[3.672s] [ 97%] [32m[1mLinking CXX executable talker[0m
[3.811s] [ 97%] Built target talker
[3.813s] gmake: *** [Makefile:146: all] Error 2
[3.815s] Invoked command in '/home/knn/USB_test/build/usb_v1' returned '2': AMENT_PREFIX_PATH=/home/knn/USB_test/install/serial:${AMENT_PREFIX_PATH} CMAKE_PREFIX_PATH=/home/knn/USB_test/install/serial:/home/knn/abu2025_ws/install/ust_05ln_ros2:/home/knn/abu2025_ws/install/irob_maneuv3r:/home/knn/abu2025_ws/install/irob_launcher:/home/knn/abu2025_ws/install/irob_interface:/home/knn/abu2025_ws/install/irob_controller:/home/knn/abu2025_ws/install/irob_msgs:/home/knn/abu2025_ws/install/abu2025_ros2:/opt/ros/humble LD_LIBRARY_PATH=/home/knn/USB_test/install/serial/lib:${LD_LIBRARY_PATH} /usr/bin/cmake --build /home/knn/USB_test/build/usb_v1 -- -j12 -l12
