[35m[1mConsolidate compiler generated dependencies of target talker[0m
[  2%] Built target usb_v1__cpp
[ 11%] Built target usb_v1__rosidl_generator_c
[ 17%] Built target talker
[ 20%] [32mBuilding CXX object CMakeFiles/listener.dir/src/Print_Data.cpp.o[0m
[ 20%] Built target ament_cmake_python_copy_usb_v1
[ 42%] Built target usb_v1__rosidl_typesupport_fastrtps_c
[ 42%] Built target usb_v1__rosidl_typesupport_fastrtps_cpp
[ 48%] Built target usb_v1__rosidl_typesupport_cpp
[ 54%] Built target usb_v1__rosidl_typesupport_introspection_cpp
[ 62%] Built target usb_v1__rosidl_typesupport_c
[ 71%] Built target usb_v1__rosidl_typesupport_introspection_c
[ 71%] Built target usb_v1
[ 74%] Built target usb_v1__py
[ 80%] Built target usb_v1__rosidl_generator_py
[ 85%] Built target usb_v1__rosidl_typesupport_c__pyext
[ 97%] Built target usb_v1__rosidl_typesupport_introspection_c__pyext
[ 97%] Built target usb_v1__rosidl_typesupport_fastrtps_c__pyext
running egg_info
writing usb_v1.egg-info/PKG-INFO
writing dependency_links to usb_v1.egg-info/dependency_links.txt
writing top-level names to usb_v1.egg-info/top_level.txt
reading manifest file 'usb_v1.egg-info/SOURCES.txt'
writing manifest file 'usb_v1.egg-info/SOURCES.txt'
[ 97%] Built target ament_cmake_python_build_usb_v1_egg
In file included from [01m[K/opt/ros/humble/include/rclcpp/rclcpp/logging.hpp:24[m[K,
                 from [01m[K/opt/ros/humble/include/rclcpp/rclcpp/client.hpp:40[m[K,
                 from [01m[K/opt/ros/humble/include/rclcpp/rclcpp/callback_group.hpp:24[m[K,
                 from [01m[K/opt/ros/humble/include/rclcpp/rclcpp/any_executable.hpp:20[m[K,
                 from [01m[K/opt/ros/humble/include/rclcpp/rclcpp/memory_strategy.hpp:25[m[K,
                 from [01m[K/opt/ros/humble/include/rclcpp/rclcpp/memory_strategies.hpp:18[m[K,
                 from [01m[K/opt/ros/humble/include/rclcpp/rclcpp/executor_options.hpp:20[m[K,
                 from [01m[K/opt/ros/humble/include/rclcpp/rclcpp/executor.hpp:37[m[K,
                 from [01m[K/opt/ros/humble/include/rclcpp/rclcpp/executors/multi_threaded_executor.hpp:25[m[K,
                 from [01m[K/opt/ros/humble/include/rclcpp/rclcpp/executors.hpp:21[m[K,
                 from [01m[K/opt/ros/humble/include/rclcpp/rclcpp/rclcpp.hpp:155[m[K,
                 from [01m[K/home/knn/USB_test/src/usb_v1/src/Print_Data.cpp:9[m[K:
[01m[K/home/knn/USB_test/src/usb_v1/src/Print_Data.cpp:[m[K In member function â€˜[01m[Kvoid PrintData::topic_callback(const Joy&)[m[Kâ€™:
[01m[K/home/knn/USB_test/src/usb_v1/src/Print_Data.cpp:79:21:[m[K [01;31m[Kerror: [m[Kâ€˜[01m[Kheader[m[Kâ€™ was not declared in this scope
   79 |                     [01;31m[Kheader[m[K[0],
      |                     [01;31m[K^~~~~~[m[K
gmake[2]: *** [CMakeFiles/listener.dir/build.make:76: CMakeFiles/listener.dir/src/Print_Data.cpp.o] Error 1
gmake[1]: *** [CMakeFiles/Makefile2:210: CMakeFiles/listener.dir/all] Error 2
gmake: *** [Makefile:146: all] Error 2
