[0.009s] Invoking command in '/home/knn/USB_test/build/usb_v1': CMAKE_PREFIX_PATH=/home/knn/USB_test/install/serial:/home/knn/USB_test/install/usb_v1:/home/knn/abu2025_ws/install/ust_05ln_ros2:/home/knn/abu2025_ws/install/irob_maneuv3r:/home/knn/abu2025_ws/install/irob_launcher:/home/knn/abu2025_ws/install/irob_interface:/home/knn/abu2025_ws/install/irob_controller:/home/knn/abu2025_ws/install/irob_msgs:/home/knn/abu2025_ws/install/abu2025_ros2:/opt/ros/humble /usr/bin/cmake --build /home/knn/USB_test/build/usb_v1 -- -j12 -l12
[0.057s] [35m[1mConsolidate compiler generated dependencies of target talker[0m
[0.063s] [  2%] Built target usb_v1__cpp
[0.069s] [ 11%] Built target usb_v1__rosidl_generator_c
[0.072s] [ 17%] Built target talker
[0.073s] [ 20%] [32mBuilding CXX object CMakeFiles/listener.dir/src/Print_Data.cpp.o[0m
[0.073s] [ 20%] Built target ament_cmake_python_copy_usb_v1
[0.090s] [ 42%] Built target usb_v1__rosidl_typesupport_fastrtps_c
[0.091s] [ 42%] Built target usb_v1__rosidl_typesupport_fastrtps_cpp
[0.091s] [ 48%] Built target usb_v1__rosidl_typesupport_cpp
[0.091s] [ 54%] Built target usb_v1__rosidl_typesupport_introspection_cpp
[0.092s] [ 62%] Built target usb_v1__rosidl_typesupport_c
[0.094s] [ 71%] Built target usb_v1__rosidl_typesupport_introspection_c
[0.114s] [ 71%] Built target usb_v1
[0.135s] [ 74%] Built target usb_v1__py
[0.158s] [ 80%] Built target usb_v1__rosidl_generator_py
[0.182s] [ 85%] Built target usb_v1__rosidl_typesupport_c__pyext
[0.183s] [ 97%] Built target usb_v1__rosidl_typesupport_introspection_c__pyext
[0.183s] [ 97%] Built target usb_v1__rosidl_typesupport_fastrtps_c__pyext
[0.258s] running egg_info
[0.258s] writing usb_v1.egg-info/PKG-INFO
[0.258s] writing dependency_links to usb_v1.egg-info/dependency_links.txt
[0.258s] writing top-level names to usb_v1.egg-info/top_level.txt
[0.260s] reading manifest file 'usb_v1.egg-info/SOURCES.txt'
[0.260s] writing manifest file 'usb_v1.egg-info/SOURCES.txt'
[0.282s] [ 97%] Built target ament_cmake_python_build_usb_v1_egg
[1.415s] In file included from [01m[K/opt/ros/humble/include/rclcpp/rclcpp/logging.hpp:24[m[K,
[1.415s]                  from [01m[K/opt/ros/humble/include/rclcpp/rclcpp/client.hpp:40[m[K,
[1.415s]                  from [01m[K/opt/ros/humble/include/rclcpp/rclcpp/callback_group.hpp:24[m[K,
[1.415s]                  from [01m[K/opt/ros/humble/include/rclcpp/rclcpp/any_executable.hpp:20[m[K,
[1.415s]                  from [01m[K/opt/ros/humble/include/rclcpp/rclcpp/memory_strategy.hpp:25[m[K,
[1.415s]                  from [01m[K/opt/ros/humble/include/rclcpp/rclcpp/memory_strategies.hpp:18[m[K,
[1.415s]                  from [01m[K/opt/ros/humble/include/rclcpp/rclcpp/executor_options.hpp:20[m[K,
[1.415s]                  from [01m[K/opt/ros/humble/include/rclcpp/rclcpp/executor.hpp:37[m[K,
[1.415s]                  from [01m[K/opt/ros/humble/include/rclcpp/rclcpp/executors/multi_threaded_executor.hpp:25[m[K,
[1.415s]                  from [01m[K/opt/ros/humble/include/rclcpp/rclcpp/executors.hpp:21[m[K,
[1.415s]                  from [01m[K/opt/ros/humble/include/rclcpp/rclcpp/rclcpp.hpp:155[m[K,
[1.415s]                  from [01m[K/home/knn/USB_test/src/usb_v1/src/Print_Data.cpp:9[m[K:
[1.416s] [01m[K/home/knn/USB_test/src/usb_v1/src/Print_Data.cpp:[m[K In member function â€˜[01m[Kvoid PrintData::topic_callback(const Joy&)[m[Kâ€™:
[1.416s] [01m[K/home/knn/USB_test/src/usb_v1/src/Print_Data.cpp:79:21:[m[K [01;31m[Kerror: [m[Kâ€˜[01m[Kheader[m[Kâ€™ was not declared in this scope
[1.416s]    79 |                     [01;31m[Kheader[m[K[0],
[1.416s]       |                     [01;31m[K^~~~~~[m[K
[2.717s] gmake[2]: *** [CMakeFiles/listener.dir/build.make:76: CMakeFiles/listener.dir/src/Print_Data.cpp.o] Error 1
[2.717s] gmake[1]: *** [CMakeFiles/Makefile2:210: CMakeFiles/listener.dir/all] Error 2
[2.717s] gmake: *** [Makefile:146: all] Error 2
[2.719s] Invoked command in '/home/knn/USB_test/build/usb_v1' returned '2': CMAKE_PREFIX_PATH=/home/knn/USB_test/install/serial:/home/knn/USB_test/install/usb_v1:/home/knn/abu2025_ws/install/ust_05ln_ros2:/home/knn/abu2025_ws/install/irob_maneuv3r:/home/knn/abu2025_ws/install/irob_launcher:/home/knn/abu2025_ws/install/irob_interface:/home/knn/abu2025_ws/install/irob_controller:/home/knn/abu2025_ws/install/irob_msgs:/home/knn/abu2025_ws/install/abu2025_ros2:/opt/ros/humble /usr/bin/cmake --build /home/knn/USB_test/build/usb_v1 -- -j12 -l12
