[35m[1mConsolidate compiler generated dependencies of target listener[0m
[  8%] Built target usb_v1__rosidl_generator_c
[ 11%] Built target usb_v1__cpp
[ 17%] Built target talker
[ 20%] Built target ament_cmake_python_copy_usb_v1
[ 20%] [32mBuilding CXX object CMakeFiles/listener.dir/src/Print_Data.cpp.o[0m
[ 28%] Built target usb_v1__rosidl_typesupport_introspection_c
[ 37%] Built target usb_v1__rosidl_typesupport_cpp
[ 45%] Built target usb_v1__rosidl_typesupport_c
[ 54%] Built target usb_v1__rosidl_typesupport_fastrtps_c
[ 62%] Built target usb_v1__rosidl_typesupport_introspection_cpp
[ 71%] Built target usb_v1__rosidl_typesupport_fastrtps_cpp
[ 71%] Built target usb_v1
[ 74%] Built target usb_v1__py
[ 80%] Built target usb_v1__rosidl_generator_py
[ 94%] Built target usb_v1__rosidl_typesupport_introspection_c__pyext
[ 94%] Built target usb_v1__rosidl_typesupport_c__pyext
[ 97%] Built target usb_v1__rosidl_typesupport_fastrtps_c__pyext
running egg_info
writing usb_v1.egg-info/PKG-INFO
writing dependency_links to usb_v1.egg-info/dependency_links.txt
writing top-level names to usb_v1.egg-info/top_level.txt
reading manifest file 'usb_v1.egg-info/SOURCES.txt'
writing manifest file 'usb_v1.egg-info/SOURCES.txt'
[ 97%] Built target ament_cmake_python_build_usb_v1_egg
[01m[K/home/knn/USB_test/src/usb_v1/src/Print_Data.cpp:[m[K In constructor â€˜[01m[KPrintData::PrintData()[m[Kâ€™:
[01m[K/home/knn/USB_test/src/usb_v1/src/Print_Data.cpp:69:112:[m[K [01;31m[Kerror: [m[Kâ€˜[01m[K_1[m[Kâ€™ was not declared in this scope; did you mean â€˜[01m[Kstd::placeholders::_1[m[Kâ€™?
   69 |         subJoy = create_subscription<usb_v1::msg::Joy>("Data", 10, std::bind(&PrintData::topic_callback, this, [01;31m[K_1[m[K)); // create subscription
      |                                                                                                                [01;31m[K^~[m[K
      |                                                                                                                [32m[Kstd::placeholders::_1[m[K
In file included from [01m[K/usr/include/c++/11/pstl/glue_algorithm_defs.h:13[m[K,
                 from [01m[K/usr/include/c++/11/algorithm:74[m[K,
                 from [01m[K/opt/ros/humble/include/rclcpp/rclcpp/executor.hpp:18[m[K,
                 from [01m[K/opt/ros/humble/include/rclcpp/rclcpp/executors/multi_threaded_executor.hpp:25[m[K,
                 from [01m[K/opt/ros/humble/include/rclcpp/rclcpp/executors.hpp:21[m[K,
                 from [01m[K/opt/ros/humble/include/rclcpp/rclcpp/rclcpp.hpp:155[m[K,
                 from [01m[K/home/knn/USB_test/src/usb_v1/src/Print_Data.cpp:9[m[K:
[01m[K/usr/include/c++/11/functional:225:34:[m[K [01;36m[Knote: [m[Kâ€˜[01m[Kstd::placeholders::_1[m[Kâ€™ declared here
  225 |     extern const _Placeholder<1> [01;36m[K_1[m[K;
      |                                  [01;36m[K^~[m[K
gmake[2]: *** [CMakeFiles/listener.dir/build.make:76: CMakeFiles/listener.dir/src/Print_Data.cpp.o] Error 1
gmake[1]: *** [CMakeFiles/Makefile2:210: CMakeFiles/listener.dir/all] Error 2
gmake: *** [Makefile:146: all] Error 2
