[01m[K/home/knn/USB_test/src/usb_v1/src/Print_Data.cpp:63:13:[m[K [01;31m[Kerror: [m[Kâ€˜[01m[KSubscript[m[Kâ€™ in namespace â€˜[01m[Krclcpp[m[Kâ€™ does not name a template type; did you mean â€˜[01m[KSubscription[m[Kâ€™?
   63 |     rclcpp::[01;31m[KSubscript[m[K<usb_v1::msg::Joy>::SharedPtr subJoy; // Publisher_odject
      |             [01;31m[K^~~~~~~~~[m[K
      |             [32m[KSubscription[m[K
[01m[K/home/knn/USB_test/src/usb_v1/src/Print_Data.cpp:72:25:[m[K [01;31m[Kerror: [m[Kexpected identifier before â€˜[01m[K<[m[Kâ€™ token
   72 |     void topic_callback([01;31m[K<[m[Kusb_v1::msg::Joy> &msg)
      |                         [01;31m[K^[m[K
[01m[K/home/knn/USB_test/src/usb_v1/src/Print_Data.cpp:72:25:[m[K [01;31m[Kerror: [m[Kexpected â€˜[01m[K,[m[Kâ€™ or â€˜[01m[K...[m[Kâ€™ before â€˜[01m[K<[m[Kâ€™ token
[01m[K/home/knn/USB_test/src/usb_v1/src/Print_Data.cpp:93:2:[m[K [01;31m[Kerror: [m[Kexpected â€˜[01m[K;[m[Kâ€™ after class definition
   93 | }
      |  [01;31m[K^[m[K
      |  [32m[K;[m[K
[01m[K/home/knn/USB_test/src/usb_v1/src/Print_Data.cpp:[m[K In constructor â€˜[01m[KPrintData::PrintData()[m[Kâ€™:
[01m[K/home/knn/USB_test/src/usb_v1/src/Print_Data.cpp:69:9:[m[K [01;31m[Kerror: [m[Kâ€˜[01m[KsubJoy[m[Kâ€™ was not declared in this scope
   69 |         [01;31m[KsubJoy[m[K = create_subscription<usb_v1::msg::Joy>("Data", 10, std::bind(&PrintData::topic_callback, this, _1)); // create subscription
      |         [01;31m[K^~~~~~[m[K
[01m[K/home/knn/USB_test/src/usb_v1/src/Print_Data.cpp:69:112:[m[K [01;31m[Kerror: [m[Kâ€˜[01m[K_1[m[Kâ€™ was not declared in this scope; did you mean â€˜[01m[Kstd::placeholders::_1[m[Kâ€™?
   69 |         subJoy = create_subscription<usb_v1::msg::Joy>("Data", 10, std::bind(&PrintData::topic_callback, this, [01;31m[K_1[m[K)); // create subscription
      |                                                                                                                [01;31m[K^~[m[K
      |                                                                                                                [32m[Kstd::placeholders::_1[m[K
In file included from [01m[K/usr/include/c++/11/pstl/glue_algorithm_defs.h:13[m[K,
                 from [01m[K/usr/include/c++/11/algorithm:74[m[K,
                 from [01m[K/opt/ros/humble/include/rclcpp/rclcpp/executor.hpp:18[m[K,
                 from [01m[K/opt/ros/humble/include/rclcpp/rclcpp/executors/multi_threaded_executor.hpp:25[m[K,
                 from [01m[K/opt/ros/humble/include/rclcpp/rclcpp/executors.hpp:21[m[K,
                 from [01m[K/opt/ros/humble/include/rclcpp/rclcpp/rclcpp.hpp:155[m[K,
                 from [01m[K/home/knn/USB_test/src/usb_v1/src/Print_Data.cpp:10[m[K:
[01m[K/usr/include/c++/11/functional:225:34:[m[K [01;36m[Knote: [m[Kâ€˜[01m[Kstd::placeholders::_1[m[Kâ€™ declared here
  225 |     extern const _Placeholder<1> [01;36m[K_1[m[K;
      |                                  [01;36m[K^~[m[K
In file included from [01m[K/opt/ros/humble/include/rclcpp/rclcpp/logging.hpp:24[m[K,
                 from [01m[K/opt/ros/humble/include/rclcpp/rclcpp/client.hpp:40[m[K,
                 from [01m[K/opt/ros/humble/include/rclcpp/rclcpp/callback_group.hpp:24[m[K,
                 from [01m[K/opt/ros/humble/include/rclcpp/rclcpp/any_executable.hpp:20[m[K,
                 from [01m[K/opt/ros/humble/include/rclcpp/rclcpp/memory_strategy.hpp:25[m[K,
                 from [01m[K/opt/ros/humble/include/rclcpp/rclcpp/memory_strategies.hpp:18[m[K,
                 from [01m[K/opt/ros/humble/include/rclcpp/rclcpp/executor_options.hpp:20[m[K,
                 from [01m[K/opt/ros/humble/include/rclcpp/rclcpp/executor.hpp:37[m[K,
                 from [01m[K/opt/ros/humble/include/rclcpp/rclcpp/executors/multi_threaded_executor.hpp:25[m[K,
                 from [01m[K/opt/ros/humble/include/rclcpp/rclcpp/executors.hpp:21[m[K,
                 from [01m[K/opt/ros/humble/include/rclcpp/rclcpp/rclcpp.hpp:155[m[K,
                 from [01m[K/home/knn/USB_test/src/usb_v1/src/Print_Data.cpp:10[m[K:
[01m[K/home/knn/USB_test/src/usb_v1/src/Print_Data.cpp:[m[K In member function â€˜[01m[Kvoid PrintData::topic_callback(int)[m[Kâ€™:
[01m[K/home/knn/USB_test/src/usb_v1/src/Print_Data.cpp:78:21:[m[K [01;31m[Kerror: [m[Kâ€˜[01m[Kmsg[m[Kâ€™ was not declared in this scope
   78 |                     [01;31m[Kmsg[m[K.moveBtnBit.move1,
      |                     [01;31m[K^~~[m[K
[01m[K/home/knn/USB_test/src/usb_v1/src/Print_Data.cpp:78:21:[m[K [01;36m[Knote: [m[Ksuggested alternatives:
In file included from [01m[K/opt/ros/humble/include/builtin_interfaces/builtin_interfaces/msg/duration.hpp:7[m[K,
                 from [01m[K/opt/ros/humble/include/rclcpp/rclcpp/duration.hpp:20[m[K,
                 from [01m[K/opt/ros/humble/include/rclcpp/rclcpp/qos.hpp:20[m[K,
                 from [01m[K/opt/ros/humble/include/rclcpp/rclcpp/node_interfaces/node_graph_interface.hpp:32[m[K,
                 from [01m[K/opt/ros/humble/include/rclcpp/rclcpp/client.hpp:42[m[K,
                 from [01m[K/opt/ros/humble/include/rclcpp/rclcpp/callback_group.hpp:24[m[K,
                 from [01m[K/opt/ros/humble/include/rclcpp/rclcpp/any_executable.hpp:20[m[K,
                 from [01m[K/opt/ros/humble/include/rclcpp/rclcpp/memory_strategy.hpp:25[m[K,
                 from [01m[K/opt/ros/humble/include/rclcpp/rclcpp/memory_strategies.hpp:18[m[K,
                 from [01m[K/opt/ros/humble/include/rclcpp/rclcpp/executor_options.hpp:20[m[K,
                 from [01m[K/opt/ros/humble/include/rclcpp/rclcpp/executor.hpp:37[m[K,
                 from [01m[K/opt/ros/humble/include/rclcpp/rclcpp/executors/multi_threaded_executor.hpp:25[m[K,
                 from [01m[K/opt/ros/humble/include/rclcpp/rclcpp/executors.hpp:21[m[K,
                 from [01m[K/opt/ros/humble/include/rclcpp/rclcpp/rclcpp.hpp:155[m[K,
                 from [01m[K/home/knn/USB_test/src/usb_v1/src/Print_Data.cpp:10[m[K:
[01m[K/opt/ros/humble/include/builtin_interfaces/builtin_interfaces/msg/detail/duration__struct.hpp:27:11:[m[K [01;36m[Knote: [m[K  â€˜[01m[Kbuiltin_interfaces::msg[m[Kâ€™
   27 | namespace [01;36m[Kmsg[m[K
      |           [01;36m[K^~~[m[K
In file included from [01m[K/opt/ros/humble/include/rcl_interfaces/rcl_interfaces/msg/set_parameters_result.hpp:7[m[K,
                 from [01m[K/opt/ros/humble/include/rclcpp/rclcpp/qos_overriding_options.hpp:28[m[K,
                 from [01m[K/opt/ros/humble/include/rclcpp/rclcpp/subscription_options.hpp:30[m[K,
                 from [01m[K/opt/ros/humble/include/rclcpp/rclcpp/subscription.hpp:45[m[K,
                 from [01m[K/opt/ros/humble/include/rclcpp/rclcpp/any_executable.hpp:25[m[K,
                 from [01m[K/opt/ros/humble/include/rclcpp/rclcpp/memory_strategy.hpp:25[m[K,
                 from [01m[K/opt/ros/humble/include/rclcpp/rclcpp/memory_strategies.hpp:18[m[K,
                 from [01m[K/opt/ros/humble/include/rclcpp/rclcpp/executor_options.hpp:20[m[K,
                 from [01m[K/opt/ros/humble/include/rclcpp/rclcpp/executor.hpp:37[m[K,
                 from [01m[K/opt/ros/humble/include/rclcpp/rclcpp/executors/multi_threaded_executor.hpp:25[m[K,
                 from [01m[K/opt/ros/humble/include/rclcpp/rclcpp/executors.hpp:21[m[K,
                 from [01m[K/opt/ros/humble/include/rclcpp/rclcpp/rclcpp.hpp:155[m[K,
                 from [01m[K/home/knn/USB_test/src/usb_v1/src/Print_Data.cpp:10[m[K:
[01m[K/opt/ros/humble/include/rcl_interfaces/rcl_interfaces/msg/detail/set_parameters_result__struct.hpp:27:11:[m[K [01;36m[Knote: [m[K  â€˜[01m[Krcl_interfaces::msg[m[Kâ€™
   27 | namespace [01;36m[Kmsg[m[K
      |           [01;36m[K^~~[m[K
In file included from [01m[K/opt/ros/humble/include/statistics_msgs/statistics_msgs/msg/detail/metrics_message__struct.hpp:23[m[K,
                 from [01m[K/opt/ros/humble/include/statistics_msgs/statistics_msgs/msg/metrics_message.hpp:7[m[K,
                 from [01m[K/opt/ros/humble/include/libstatistics_collector/libstatistics_collector/collector/generate_statistics_message.hpp:21[m[K,
                 from [01m[K/opt/ros/humble/include/rclcpp/rclcpp/topic_statistics/subscription_topic_statistics.hpp:23[m[K,
                 from [01m[K/opt/ros/humble/include/rclcpp/rclcpp/subscription.hpp:50[m[K,
                 from [01m[K/opt/ros/humble/include/rclcpp/rclcpp/any_executable.hpp:25[m[K,
                 from [01m[K/opt/ros/humble/include/rclcpp/rclcpp/memory_strategy.hpp:25[m[K,
                 from [01m[K/opt/ros/humble/include/rclcpp/rclcpp/memory_strategies.hpp:18[m[K,
                 from [01m[K/opt/ros/humble/include/rclcpp/rclcpp/executor_options.hpp:20[m[K,
                 from [01m[K/opt/ros/humble/include/rclcpp/rclcpp/executor.hpp:37[m[K,
                 from [01m[K/opt/ros/humble/include/rclcpp/rclcpp/executors/multi_threaded_executor.hpp:25[m[K,
                 from [01m[K/opt/ros/humble/include/rclcpp/rclcpp/executors.hpp:21[m[K,
                 from [01m[K/opt/ros/humble/include/rclcpp/rclcpp/rclcpp.hpp:155[m[K,
                 from [01m[K/home/knn/USB_test/src/usb_v1/src/Print_Data.cpp:10[m[K:
[01m[K/opt/ros/humble/include/statistics_msgs/statistics_msgs/msg/detail/statistic_data_point__struct.hpp:27:11:[m[K [01;36m[Knote: [m[K  â€˜[01m[Kstatistics_msgs::msg[m[Kâ€™
   27 | namespace [01;36m[Kmsg[m[K
      |           [01;36m[K^~~[m[K
In file included from [01m[K/home/knn/USB_test/install/usb_v1/include/usb_v1/usb_v1/msg/joy.hpp:7[m[K,
                 from [01m[K/home/knn/USB_test/src/usb_v1/src/Print_Data.cpp:11[m[K:
[01m[K/home/knn/USB_test/install/usb_v1/include/usb_v1/usb_v1/msg/detail/joy__struct.hpp:27:11:[m[K [01;36m[Knote: [m[K  â€˜[01m[Kusb_v1::msg[m[Kâ€™
   27 | namespace [01;36m[Kmsg[m[K
      |           [01;36m[K^~~[m[K
[01m[K/home/knn/USB_test/src/usb_v1/src/USB_esp.cpp:[m[K In member function â€˜[01m[Kvoid USB::Runner()[m[Kâ€™:
[01m[K/home/knn/USB_test/src/usb_v1/src/USB_esp.cpp:98:17:[m[K [01;31m[Kerror: [m[Kâ€˜[01m[Kusing Joy = struct usb_v1::msg::Joy_<std::allocator<void> >[m[Kâ€™ {aka â€˜[01m[Kstruct usb_v1::msg::Joy_<std::allocator<void> >[m[Kâ€™} has no member named â€˜[01m[Kheader[m[Kâ€™
   98 |             msg.[01;31m[Kheader[m[K[0] = recvControllerData_t.Header[0];
      |                 [01;31m[K^~~~~~[m[K
[01m[K/home/knn/USB_test/src/usb_v1/src/USB_esp.cpp:99:17:[m[K [01;31m[Kerror: [m[Kâ€˜[01m[Kusing Joy = struct usb_v1::msg::Joy_<std::allocator<void> >[m[Kâ€™ {aka â€˜[01m[Kstruct usb_v1::msg::Joy_<std::allocator<void> >[m[Kâ€™} has no member named â€˜[01m[Kheader[m[Kâ€™
   99 |             msg.[01;31m[Kheader[m[K[1] = recvControllerData_t.Header[1];
      |                 [01;31m[K^~~~~~[m[K
[01m[K/home/knn/USB_test/src/usb_v1/src/USB_esp.cpp:101:17:[m[K [01;31m[Kerror: [m[Kâ€˜[01m[Kusing Joy = struct usb_v1::msg::Joy_<std::allocator<void> >[m[Kâ€™ {aka â€˜[01m[Kstruct usb_v1::msg::Joy_<std::allocator<void> >[m[Kâ€™} has no member named â€˜[01m[Kmove_1[m[Kâ€™
  101 |             msg.[01;31m[Kmove_1[m[K = recvControllerData_t.moveBtnBit.move1;
      |                 [01;31m[K^~~~~~[m[K
[01m[K/home/knn/USB_test/src/usb_v1/src/USB_esp.cpp:102:17:[m[K [01;31m[Kerror: [m[Kâ€˜[01m[Kusing Joy = struct usb_v1::msg::Joy_<std::allocator<void> >[m[Kâ€™ {aka â€˜[01m[Kstruct usb_v1::msg::Joy_<std::allocator<void> >[m[Kâ€™} has no member named â€˜[01m[Kmove_2[m[Kâ€™
  102 |             msg.[01;31m[Kmove_2[m[K = recvControllerData_t.moveBtnBit.move2;
      |                 [01;31m[K^~~~~~[m[K
[01m[K/home/knn/USB_test/src/usb_v1/src/USB_esp.cpp:103:17:[m[K [01;31m[Kerror: [m[Kâ€˜[01m[Kusing Joy = struct usb_v1::msg::Joy_<std::allocator<void> >[m[Kâ€™ {aka â€˜[01m[Kstruct usb_v1::msg::Joy_<std::allocator<void> >[m[Kâ€™} has no member named â€˜[01m[Kmove_3[m[Kâ€™
  103 |             msg.[01;31m[Kmove_3[m[K = recvControllerData_t.moveBtnBit.move3;
      |                 [01;31m[K^~~~~~[m[K
[01m[K/home/knn/USB_test/src/usb_v1/src/USB_esp.cpp:104:17:[m[K [01;31m[Kerror: [m[Kâ€˜[01m[Kusing Joy = struct usb_v1::msg::Joy_<std::allocator<void> >[m[Kâ€™ {aka â€˜[01m[Kstruct usb_v1::msg::Joy_<std::allocator<void> >[m[Kâ€™} has no member named â€˜[01m[Kmove_4[m[Kâ€™
  104 |             msg.[01;31m[Kmove_4[m[K = recvControllerData_t.moveBtnBit.move4;
      |                 [01;31m[K^~~~~~[m[K
[01m[K/home/knn/USB_test/src/usb_v1/src/USB_esp.cpp:105:17:[m[K [01;31m[Kerror: [m[Kâ€˜[01m[Kusing Joy = struct usb_v1::msg::Joy_<std::allocator<void> >[m[Kâ€™ {aka â€˜[01m[Kstruct usb_v1::msg::Joy_<std::allocator<void> >[m[Kâ€™} has no member named â€˜[01m[Kset1[m[Kâ€™
  105 |             msg.[01;31m[Kset1[m[K = recvControllerData_t.moveBtnBit.set1;
      |                 [01;31m[K^~~~[m[K
[01m[K/home/knn/USB_test/src/usb_v1/src/USB_esp.cpp:106:17:[m[K [01;31m[Kerror: [m[Kâ€˜[01m[Kusing Joy = struct usb_v1::msg::Joy_<std::allocator<void> >[m[Kâ€™ {aka â€˜[01m[Kstruct usb_v1::msg::Joy_<std::allocator<void> >[m[Kâ€™} has no member named â€˜[01m[Kset2[m[Kâ€™
  106 |             msg.[01;31m[Kset2[m[K = recvControllerData_t.moveBtnBit.set2;
      |                 [01;31m[K^~~~[m[K
[01m[K/home/knn/USB_test/src/usb_v1/src/USB_esp.cpp:108:17:[m[K [01;31m[Kerror: [m[Kâ€˜[01m[Kusing Joy = struct usb_v1::msg::Joy_<std::allocator<void> >[m[Kâ€™ {aka â€˜[01m[Kstruct usb_v1::msg::Joy_<std::allocator<void> >[m[Kâ€™} has no member named â€˜[01m[Kattack1[m[Kâ€™
  108 |             msg.[01;31m[Kattack1[m[K = recvControllerData_t.attackBtnBit.attack1;
      |                 [01;31m[K^~~~~~~[m[K
[01m[K/home/knn/USB_test/src/usb_v1/src/USB_esp.cpp:109:17:[m[K [01;31m[Kerror: [m[Kâ€˜[01m[Kusing Joy = struct usb_v1::msg::Joy_<std::allocator<void> >[m[Kâ€™ {aka â€˜[01m[Kstruct usb_v1::msg::Joy_<std::allocator<void> >[m[Kâ€™} has no member named â€˜[01m[Kattack2[m[Kâ€™
  109 |             msg.[01;31m[Kattack2[m[K = recvControllerData_t.attackBtnBit.attack2;
      |                 [01;31m[K^~~~~~~[m[K
[01m[K/home/knn/USB_test/src/usb_v1/src/USB_esp.cpp:110:17:[m[K [01;31m[Kerror: [m[Kâ€˜[01m[Kusing Joy = struct usb_v1::msg::Joy_<std::allocator<void> >[m[Kâ€™ {aka â€˜[01m[Kstruct usb_v1::msg::Joy_<std::allocator<void> >[m[Kâ€™} has no member named â€˜[01m[Kattack3[m[Kâ€™
  110 |             msg.[01;31m[Kattack3[m[K = recvControllerData_t.attackBtnBit.attack3;
      |                 [01;31m[K^~~~~~~[m[K
[01m[K/home/knn/USB_test/src/usb_v1/src/USB_esp.cpp:111:17:[m[K [01;31m[Kerror: [m[Kâ€˜[01m[Kusing Joy = struct usb_v1::msg::Joy_<std::allocator<void> >[m[Kâ€™ {aka â€˜[01m[Kstruct usb_v1::msg::Joy_<std::allocator<void> >[m[Kâ€™} has no member named â€˜[01m[Kattack4[m[Kâ€™
  111 |             msg.[01;31m[Kattack4[m[K = recvControllerData_t.attackBtnBit.attack4;
      |                 [01;31m[K^~~~~~~[m[K
gmake[2]: *** [CMakeFiles/listener.dir/build.make:76: CMakeFiles/listener.dir/src/Print_Data.cpp.o] Error 1
gmake[1]: *** [CMakeFiles/Makefile2:210: CMakeFiles/listener.dir/all] Error 2
gmake[1]: *** Waiting for unfinished jobs....
gmake[2]: *** [CMakeFiles/talker.dir/build.make:76: CMakeFiles/talker.dir/src/USB_esp.cpp.o] Error 1
gmake[1]: *** [CMakeFiles/Makefile2:184: CMakeFiles/talker.dir/all] Error 2
gmake: *** [Makefile:146: all] Error 2
