-- Found ament_cmake: 1.3.11 (/opt/ros/humble/share/ament_cmake/cmake)
-- Found rclcpp: 16.0.11 (/opt/ros/humble/share/rclcpp/cmake)
-- Found rosidl_generator_c: 3.1.6 (/opt/ros/humble/share/rosidl_generator_c/cmake)
-- Found rosidl_adapter: 3.1.6 (/opt/ros/humble/share/rosidl_adapter/cmake)
-- Found rosidl_generator_cpp: 3.1.6 (/opt/ros/humble/share/rosidl_generator_cpp/cmake)
-- Using all available rosidl_typesupport_c: rosidl_typesupport_fastrtps_c;rosidl_typesupport_introspection_c
-- Using all available rosidl_typesupport_cpp: rosidl_typesupport_fastrtps_cpp;rosidl_typesupport_introspection_cpp
-- Found rmw_implementation_cmake: 6.1.2 (/opt/ros/humble/share/rmw_implementation_cmake/cmake)
-- Found rmw_fastrtps_cpp: 6.2.7 (/opt/ros/humble/share/rmw_fastrtps_cpp/cmake)
-- Using RMW implementation 'rmw_fastrtps_cpp' as default
-- Found serial: 1.2.0 (/home/knn/USB_test/install/serial/share/serial/cmake)
-- Found usb_v1: 0.0.0 (/home/knn/USB_test/install/usb_v1/share/usb_v1/cmake)
-- Found rosidl_default_generators: 1.2.0 (/opt/ros/humble/share/rosidl_default_generators/cmake)
-- Found ament_cmake_ros: 0.10.0 (/opt/ros/humble/share/ament_cmake_ros/cmake)
-- Using all available rosidl_typesupport_c: rosidl_typesupport_fastrtps_c;rosidl_typesupport_introspection_c
-- Using all available rosidl_typesupport_cpp: rosidl_typesupport_fastrtps_cpp;rosidl_typesupport_introspection_cpp
-- Found python_cmake_module: 0.10.0 (/opt/ros/humble/share/python_cmake_module/cmake)
-- Using PYTHON_EXECUTABLE: /usr/bin/python3
-- Using PYTHON_INCLUDE_DIRS: /usr/include/python3.10
-- Using PYTHON_LIBRARIES: /usr/lib/x86_64-linux-gnu/libpython3.10.so
-- Configuring done
-- Generating done
-- Build files have been written to: /home/knn/USB_test/build/usb_v1
[35m[1mConsolidate compiler generated dependencies of target listener[0m
[  2%] [34m[1mGenerating C code for ROS interfaces[0m
[35m[1mConsolidate compiler generated dependencies of target talker[0m
[  5%] [32mBuilding CXX object CMakeFiles/listener.dir/src/Print_Data.cpp.o[0m
[  8%] [34m[1mGenerating C++ code for ROS interfaces[0m
[ 11%] [32mBuilding CXX object CMakeFiles/talker.dir/src/USB_esp.cpp.o[0m
[ 11%] Built target ament_cmake_python_copy_usb_v1
[ 11%] Built target usb_v1__cpp
[ 14%] [34m[1mGenerating C++ type support for eProsima Fast-RTPS[0m
[ 17%] [34m[1mGenerating C++ type support dispatch for ROS interfaces[0m
[ 20%] [34m[1mGenerating C++ introspection for ROS interfaces[0m
running egg_info
writing usb_v1.egg-info/PKG-INFO
[35m[1mConsolidate compiler generated dependencies of target usb_v1__rosidl_generator_c[0m
writing dependency_links to usb_v1.egg-info/dependency_links.txt
writing top-level names to usb_v1.egg-info/top_level.txt
reading manifest file 'usb_v1.egg-info/SOURCES.txt'
writing manifest file 'usb_v1.egg-info/SOURCES.txt'
[ 22%] [32mBuilding C object CMakeFiles/usb_v1__rosidl_generator_c.dir/rosidl_generator_c/usb_v1/msg/detail/joy__functions.c.o[0m
[ 22%] Built target ament_cmake_python_build_usb_v1_egg
[ 25%] [32m[1mLinking C shared library libusb_v1__rosidl_generator_c.so[0m
[ 25%] Built target usb_v1__rosidl_generator_c
[ 31%] [34m[1mGenerating C introspection for ROS interfaces[0m
[ 31%] [34m[1mGenerating C type support for eProsima Fast-RTPS[0m
[ 34%] [34m[1mGenerating C type support dispatch for ROS interfaces[0m
[35m[1mConsolidate compiler generated dependencies of target usb_v1__rosidl_typesupport_fastrtps_cpp[0m
[ 37%] [32mBuilding CXX object CMakeFiles/usb_v1__rosidl_typesupport_fastrtps_cpp.dir/rosidl_typesupport_fastrtps_cpp/usb_v1/msg/detail/dds_fastrtps/joy__type_support.cpp.o[0m
[35m[1mConsolidate compiler generated dependencies of target usb_v1__rosidl_typesupport_cpp[0m
[ 40%] [32mBuilding CXX object CMakeFiles/usb_v1__rosidl_typesupport_cpp.dir/rosidl_typesupport_cpp/usb_v1/msg/joy__type_support.cpp.o[0m
[35m[1mConsolidate compiler generated dependencies of target usb_v1__rosidl_typesupport_introspection_cpp[0m
[ 42%] [32mBuilding CXX object CMakeFiles/usb_v1__rosidl_typesupport_introspection_cpp.dir/rosidl_typesupport_introspection_cpp/usb_v1/msg/detail/joy__type_support.cpp.o[0m
[35m[1mConsolidate compiler generated dependencies of target usb_v1__rosidl_typesupport_c[0m
[ 45%] [32mBuilding CXX object CMakeFiles/usb_v1__rosidl_typesupport_c.dir/rosidl_typesupport_c/usb_v1/msg/joy__type_support.cpp.o[0m
[35m[1mConsolidate compiler generated dependencies of target usb_v1__rosidl_typesupport_introspection_c[0m
[35m[1mConsolidate compiler generated dependencies of target usb_v1__rosidl_typesupport_fastrtps_c[0m
[ 48%] [32mBuilding C object CMakeFiles/usb_v1__rosidl_typesupport_introspection_c.dir/rosidl_typesupport_introspection_c/usb_v1/msg/detail/joy__type_support.c.o[0m
[ 51%] [32m[1mLinking CXX shared library libusb_v1__rosidl_typesupport_fastrtps_cpp.so[0m
[ 54%] [32mBuilding CXX object CMakeFiles/usb_v1__rosidl_typesupport_fastrtps_c.dir/rosidl_typesupport_fastrtps_c/usb_v1/msg/detail/joy__type_support_c.cpp.o[0m
[ 57%] [32m[1mLinking CXX shared library libusb_v1__rosidl_typesupport_c.so[0m
[ 60%] [32m[1mLinking C shared library libusb_v1__rosidl_typesupport_introspection_c.so[0m
[ 62%] [32m[1mLinking CXX shared library libusb_v1__rosidl_typesupport_cpp.so[0m
[ 62%] Built target usb_v1__rosidl_typesupport_c
[ 62%] Built target usb_v1__rosidl_typesupport_introspection_c
[ 62%] Built target usb_v1__rosidl_typesupport_fastrtps_cpp
[ 62%] Built target usb_v1__rosidl_typesupport_cpp
[ 65%] [32m[1mLinking CXX shared library libusb_v1__rosidl_typesupport_introspection_cpp.so[0m
[ 65%] Built target usb_v1__rosidl_typesupport_introspection_cpp
[ 68%] [32m[1mLinking CXX shared library libusb_v1__rosidl_typesupport_fastrtps_c.so[0m
[ 68%] Built target usb_v1__rosidl_typesupport_fastrtps_c
[ 68%] Built target usb_v1
[ 71%] [34m[1mGenerating Python code for ROS interfaces[0m
[ 71%] Built target usb_v1__py
[35m[1mConsolidate compiler generated dependencies of target usb_v1__rosidl_generator_py[0m
[ 74%] [32mBuilding C object CMakeFiles/usb_v1__rosidl_generator_py.dir/rosidl_generator_py/usb_v1/msg/_joy_s.c.o[0m
[01m[K/home/knn/USB_test/src/usb_v1/src/Print_Data.cpp:63:13:[m[K [01;31m[Kerror: [m[Kâ€˜[01m[KSubscript[m[Kâ€™ in namespace â€˜[01m[Krclcpp[m[Kâ€™ does not name a template type; did you mean â€˜[01m[KSubscription[m[Kâ€™?
   63 |     rclcpp::[01;31m[KSubscript[m[K<usb_v1::msg::Joy>::SharedPtr subJoy; // Publisher_odject
      |             [01;31m[K^~~~~~~~~[m[K
      |             [32m[KSubscription[m[K
[01m[K/home/knn/USB_test/src/usb_v1/src/Print_Data.cpp:72:25:[m[K [01;31m[Kerror: [m[Kexpected identifier before â€˜[01m[K<[m[Kâ€™ token
   72 |     void topic_callback([01;31m[K<[m[Kusb_v1::msg::Joy> &msg)
      |                         [01;31m[K^[m[K
[01m[K/home/knn/USB_test/src/usb_v1/src/Print_Data.cpp:72:25:[m[K [01;31m[Kerror: [m[Kexpected â€˜[01m[K,[m[Kâ€™ or â€˜[01m[K...[m[Kâ€™ before â€˜[01m[K<[m[Kâ€™ token
[01m[K/home/knn/USB_test/src/usb_v1/src/Print_Data.cpp:93:2:[m[K [01;31m[Kerror: [m[Kexpected â€˜[01m[K;[m[Kâ€™ after class definition
   93 | }
      |  [01;31m[K^[m[K
      |  [32m[K;[m[K
[01m[K/home/knn/USB_test/src/usb_v1/src/Print_Data.cpp:[m[K In constructor â€˜[01m[KPrintData::PrintData()[m[Kâ€™:
[01m[K/home/knn/USB_test/src/usb_v1/src/Print_Data.cpp:69:9:[m[K [01;31m[Kerror: [m[Kâ€˜[01m[KsubJoy[m[Kâ€™ was not declared in this scope
   69 |         [01;31m[KsubJoy[m[K = create_subscription<usb_v1::msg::Joy>("Data", 10, std::bind(&PrintData::topic_callback, this, _1)); // create subscription
      |         [01;31m[K^~~~~~[m[K
[01m[K/home/knn/USB_test/src/usb_v1/src/Print_Data.cpp:69:112:[m[K [01;31m[Kerror: [m[Kâ€˜[01m[K_1[m[Kâ€™ was not declared in this scope; did you mean â€˜[01m[Kstd::placeholders::_1[m[Kâ€™?
   69 |         subJoy = create_subscription<usb_v1::msg::Joy>("Data", 10, std::bind(&PrintData::topic_callback, this, [01;31m[K_1[m[K)); // create subscription
      |                                                                                                                [01;31m[K^~[m[K
      |                                                                                                                [32m[Kstd::placeholders::_1[m[K
In file included from [01m[K/usr/include/c++/11/pstl/glue_algorithm_defs.h:13[m[K,
                 from [01m[K/usr/include/c++/11/algorithm:74[m[K,
                 from [01m[K/opt/ros/humble/include/rclcpp/rclcpp/executor.hpp:18[m[K,
                 from [01m[K/opt/ros/humble/include/rclcpp/rclcpp/executors/multi_threaded_executor.hpp:25[m[K,
                 from [01m[K/opt/ros/humble/include/rclcpp/rclcpp/executors.hpp:21[m[K,
                 from [01m[K/opt/ros/humble/include/rclcpp/rclcpp/rclcpp.hpp:155[m[K,
                 from [01m[K/home/knn/USB_test/src/usb_v1/src/Print_Data.cpp:10[m[K:
[01m[K/usr/include/c++/11/functional:225:34:[m[K [01;36m[Knote: [m[Kâ€˜[01m[Kstd::placeholders::_1[m[Kâ€™ declared here
  225 |     extern const _Placeholder<1> [01;36m[K_1[m[K;
      |                                  [01;36m[K^~[m[K
In file included from [01m[K/opt/ros/humble/include/rclcpp/rclcpp/logging.hpp:24[m[K,
                 from [01m[K/opt/ros/humble/include/rclcpp/rclcpp/client.hpp:40[m[K,
                 from [01m[K/opt/ros/humble/include/rclcpp/rclcpp/callback_group.hpp:24[m[K,
                 from [01m[K/opt/ros/humble/include/rclcpp/rclcpp/any_executable.hpp:20[m[K,
                 from [01m[K/opt/ros/humble/include/rclcpp/rclcpp/memory_strategy.hpp:25[m[K,
                 from [01m[K/opt/ros/humble/include/rclcpp/rclcpp/memory_strategies.hpp:18[m[K,
                 from [01m[K/opt/ros/humble/include/rclcpp/rclcpp/executor_options.hpp:20[m[K,
                 from [01m[K/opt/ros/humble/include/rclcpp/rclcpp/executor.hpp:37[m[K,
                 from [01m[K/opt/ros/humble/include/rclcpp/rclcpp/executors/multi_threaded_executor.hpp:25[m[K,
                 from [01m[K/opt/ros/humble/include/rclcpp/rclcpp/executors.hpp:21[m[K,
                 from [01m[K/opt/ros/humble/include/rclcpp/rclcpp/rclcpp.hpp:155[m[K,
                 from [01m[K/home/knn/USB_test/src/usb_v1/src/Print_Data.cpp:10[m[K:
[01m[K/home/knn/USB_test/src/usb_v1/src/Print_Data.cpp:[m[K In member function â€˜[01m[Kvoid PrintData::topic_callback(int)[m[Kâ€™:
[01m[K/home/knn/USB_test/src/usb_v1/src/Print_Data.cpp:78:21:[m[K [01;31m[Kerror: [m[Kâ€˜[01m[Kmsg[m[Kâ€™ was not declared in this scope
   78 |                     [01;31m[Kmsg[m[K.moveBtnBit.move1,
      |                     [01;31m[K^~~[m[K
[01m[K/home/knn/USB_test/src/usb_v1/src/Print_Data.cpp:78:21:[m[K [01;36m[Knote: [m[Ksuggested alternatives:
In file included from [01m[K/opt/ros/humble/include/builtin_interfaces/builtin_interfaces/msg/duration.hpp:7[m[K,
                 from [01m[K/opt/ros/humble/include/rclcpp/rclcpp/duration.hpp:20[m[K,
                 from [01m[K/opt/ros/humble/include/rclcpp/rclcpp/qos.hpp:20[m[K,
                 from [01m[K/opt/ros/humble/include/rclcpp/rclcpp/node_interfaces/node_graph_interface.hpp:32[m[K,
                 from [01m[K/opt/ros/humble/include/rclcpp/rclcpp/client.hpp:42[m[K,
                 from [01m[K/opt/ros/humble/include/rclcpp/rclcpp/callback_group.hpp:24[m[K,
                 from [01m[K/opt/ros/humble/include/rclcpp/rclcpp/any_executable.hpp:20[m[K,
                 from [01m[K/opt/ros/humble/include/rclcpp/rclcpp/memory_strategy.hpp:25[m[K,
                 from [01m[K/opt/ros/humble/include/rclcpp/rclcpp/memory_strategies.hpp:18[m[K,
                 from [01m[K/opt/ros/humble/include/rclcpp/rclcpp/executor_options.hpp:20[m[K,
                 from [01m[K/opt/ros/humble/include/rclcpp/rclcpp/executor.hpp:37[m[K,
                 from [01m[K/opt/ros/humble/include/rclcpp/rclcpp/executors/multi_threaded_executor.hpp:25[m[K,
                 from [01m[K/opt/ros/humble/include/rclcpp/rclcpp/executors.hpp:21[m[K,
                 from [01m[K/opt/ros/humble/include/rclcpp/rclcpp/rclcpp.hpp:155[m[K,
                 from [01m[K/home/knn/USB_test/src/usb_v1/src/Print_Data.cpp:10[m[K:
[01m[K/opt/ros/humble/include/builtin_interfaces/builtin_interfaces/msg/detail/duration__struct.hpp:27:11:[m[K [01;36m[Knote: [m[K  â€˜[01m[Kbuiltin_interfaces::msg[m[Kâ€™
   27 | namespace [01;36m[Kmsg[m[K
      |           [01;36m[K^~~[m[K
In file included from [01m[K/opt/ros/humble/include/rcl_interfaces/rcl_interfaces/msg/set_parameters_result.hpp:7[m[K,
                 from [01m[K/opt/ros/humble/include/rclcpp/rclcpp/qos_overriding_options.hpp:28[m[K,
                 from [01m[K/opt/ros/humble/include/rclcpp/rclcpp/subscription_options.hpp:30[m[K,
                 from [01m[K/opt/ros/humble/include/rclcpp/rclcpp/subscription.hpp:45[m[K,
                 from [01m[K/opt/ros/humble/include/rclcpp/rclcpp/any_executable.hpp:25[m[K,
                 from [01m[K/opt/ros/humble/include/rclcpp/rclcpp/memory_strategy.hpp:25[m[K,
                 from [01m[K/opt/ros/humble/include/rclcpp/rclcpp/memory_strategies.hpp:18[m[K,
                 from [01m[K/opt/ros/humble/include/rclcpp/rclcpp/executor_options.hpp:20[m[K,
                 from [01m[K/opt/ros/humble/include/rclcpp/rclcpp/executor.hpp:37[m[K,
                 from [01m[K/opt/ros/humble/include/rclcpp/rclcpp/executors/multi_threaded_executor.hpp:25[m[K,
                 from [01m[K/opt/ros/humble/include/rclcpp/rclcpp/executors.hpp:21[m[K,
                 from [01m[K/opt/ros/humble/include/rclcpp/rclcpp/rclcpp.hpp:155[m[K,
                 from [01m[K/home/knn/USB_test/src/usb_v1/src/Print_Data.cpp:10[m[K:
[01m[K/opt/ros/humble/include/rcl_interfaces/rcl_interfaces/msg/detail/set_parameters_result__struct.hpp:27:11:[m[K [01;36m[Knote: [m[K  â€˜[01m[Krcl_interfaces::msg[m[Kâ€™
   27 | namespace [01;36m[Kmsg[m[K
      |           [01;36m[K^~~[m[K
In file included from [01m[K/opt/ros/humble/include/statistics_msgs/statistics_msgs/msg/detail/metrics_message__struct.hpp:23[m[K,
                 from [01m[K/opt/ros/humble/include/statistics_msgs/statistics_msgs/msg/metrics_message.hpp:7[m[K,
                 from [01m[K/opt/ros/humble/include/libstatistics_collector/libstatistics_collector/collector/generate_statistics_message.hpp:21[m[K,
                 from [01m[K/opt/ros/humble/include/rclcpp/rclcpp/topic_statistics/subscription_topic_statistics.hpp:23[m[K,
                 from [01m[K/opt/ros/humble/include/rclcpp/rclcpp/subscription.hpp:50[m[K,
                 from [01m[K/opt/ros/humble/include/rclcpp/rclcpp/any_executable.hpp:25[m[K,
                 from [01m[K/opt/ros/humble/include/rclcpp/rclcpp/memory_strategy.hpp:25[m[K,
                 from [01m[K/opt/ros/humble/include/rclcpp/rclcpp/memory_strategies.hpp:18[m[K,
                 from [01m[K/opt/ros/humble/include/rclcpp/rclcpp/executor_options.hpp:20[m[K,
                 from [01m[K/opt/ros/humble/include/rclcpp/rclcpp/executor.hpp:37[m[K,
                 from [01m[K/opt/ros/humble/include/rclcpp/rclcpp/executors/multi_threaded_executor.hpp:25[m[K,
                 from [01m[K/opt/ros/humble/include/rclcpp/rclcpp/executors.hpp:21[m[K,
                 from [01m[K/opt/ros/humble/include/rclcpp/rclcpp/rclcpp.hpp:155[m[K,
                 from [01m[K/home/knn/USB_test/src/usb_v1/src/Print_Data.cpp:10[m[K:
[01m[K/opt/ros/humble/include/statistics_msgs/statistics_msgs/msg/detail/statistic_data_point__struct.hpp:27:11:[m[K [01;36m[Knote: [m[K  â€˜[01m[Kstatistics_msgs::msg[m[Kâ€™
   27 | namespace [01;36m[Kmsg[m[K
      |           [01;36m[K^~~[m[K
In file included from [01m[K/home/knn/USB_test/install/usb_v1/include/usb_v1/usb_v1/msg/joy.hpp:7[m[K,
                 from [01m[K/home/knn/USB_test/src/usb_v1/src/Print_Data.cpp:11[m[K:
[01m[K/home/knn/USB_test/install/usb_v1/include/usb_v1/usb_v1/msg/detail/joy__struct.hpp:27:11:[m[K [01;36m[Knote: [m[K  â€˜[01m[Kusb_v1::msg[m[Kâ€™
   27 | namespace [01;36m[Kmsg[m[K
      |           [01;36m[K^~~[m[K
[ 77%] [32m[1mLinking C shared library rosidl_generator_py/usb_v1/libusb_v1__rosidl_generator_py.so[0m
[ 77%] Built target usb_v1__rosidl_generator_py
[35m[1mConsolidate compiler generated dependencies of target usb_v1__rosidl_typesupport_introspection_c__pyext[0m
[35m[1mConsolidate compiler generated dependencies of target usb_v1__rosidl_typesupport_fastrtps_c__pyext[0m
[35m[1mConsolidate compiler generated dependencies of target usb_v1__rosidl_typesupport_c__pyext[0m
[ 85%] [32mBuilding C object CMakeFiles/usb_v1__rosidl_typesupport_fastrtps_c__pyext.dir/rosidl_generator_py/usb_v1/_usb_v1_s.ep.rosidl_typesupport_fastrtps_c.c.o[0m
[ 85%] [32mBuilding C object CMakeFiles/usb_v1__rosidl_typesupport_introspection_c__pyext.dir/rosidl_generator_py/usb_v1/_usb_v1_s.ep.rosidl_typesupport_introspection_c.c.o[0m
[ 85%] [32mBuilding C object CMakeFiles/usb_v1__rosidl_typesupport_c__pyext.dir/rosidl_generator_py/usb_v1/_usb_v1_s.ep.rosidl_typesupport_c.c.o[0m
[ 88%] [32m[1mLinking C shared library rosidl_generator_py/usb_v1/usb_v1_s__rosidl_typesupport_c.cpython-310-x86_64-linux-gnu.so[0m
[ 94%] [32m[1mLinking C shared library rosidl_generator_py/usb_v1/usb_v1_s__rosidl_typesupport_introspection_c.cpython-310-x86_64-linux-gnu.so[0m
[ 94%] [32m[1mLinking C shared library rosidl_generator_py/usb_v1/usb_v1_s__rosidl_typesupport_fastrtps_c.cpython-310-x86_64-linux-gnu.so[0m
[ 94%] Built target usb_v1__rosidl_typesupport_fastrtps_c__pyext
[ 94%] Built target usb_v1__rosidl_typesupport_c__pyext
[ 94%] Built target usb_v1__rosidl_typesupport_introspection_c__pyext
[01m[K/home/knn/USB_test/src/usb_v1/src/USB_esp.cpp:[m[K In member function â€˜[01m[Kvoid USB::Runner()[m[Kâ€™:
[01m[K/home/knn/USB_test/src/usb_v1/src/USB_esp.cpp:98:17:[m[K [01;31m[Kerror: [m[Kâ€˜[01m[Kusing Joy = struct usb_v1::msg::Joy_<std::allocator<void> >[m[Kâ€™ {aka â€˜[01m[Kstruct usb_v1::msg::Joy_<std::allocator<void> >[m[Kâ€™} has no member named â€˜[01m[Kheader[m[Kâ€™
   98 |             msg.[01;31m[Kheader[m[K[0] = recvControllerData_t.Header[0];
      |                 [01;31m[K^~~~~~[m[K
[01m[K/home/knn/USB_test/src/usb_v1/src/USB_esp.cpp:99:17:[m[K [01;31m[Kerror: [m[Kâ€˜[01m[Kusing Joy = struct usb_v1::msg::Joy_<std::allocator<void> >[m[Kâ€™ {aka â€˜[01m[Kstruct usb_v1::msg::Joy_<std::allocator<void> >[m[Kâ€™} has no member named â€˜[01m[Kheader[m[Kâ€™
   99 |             msg.[01;31m[Kheader[m[K[1] = recvControllerData_t.Header[1];
      |                 [01;31m[K^~~~~~[m[K
[01m[K/home/knn/USB_test/src/usb_v1/src/USB_esp.cpp:101:17:[m[K [01;31m[Kerror: [m[Kâ€˜[01m[Kusing Joy = struct usb_v1::msg::Joy_<std::allocator<void> >[m[Kâ€™ {aka â€˜[01m[Kstruct usb_v1::msg::Joy_<std::allocator<void> >[m[Kâ€™} has no member named â€˜[01m[Kmove_1[m[Kâ€™
  101 |             msg.[01;31m[Kmove_1[m[K = recvControllerData_t.moveBtnBit.move1;
      |                 [01;31m[K^~~~~~[m[K
[01m[K/home/knn/USB_test/src/usb_v1/src/USB_esp.cpp:102:17:[m[K [01;31m[Kerror: [m[Kâ€˜[01m[Kusing Joy = struct usb_v1::msg::Joy_<std::allocator<void> >[m[Kâ€™ {aka â€˜[01m[Kstruct usb_v1::msg::Joy_<std::allocator<void> >[m[Kâ€™} has no member named â€˜[01m[Kmove_2[m[Kâ€™
  102 |             msg.[01;31m[Kmove_2[m[K = recvControllerData_t.moveBtnBit.move2;
      |                 [01;31m[K^~~~~~[m[K
[01m[K/home/knn/USB_test/src/usb_v1/src/USB_esp.cpp:103:17:[m[K [01;31m[Kerror: [m[Kâ€˜[01m[Kusing Joy = struct usb_v1::msg::Joy_<std::allocator<void> >[m[Kâ€™ {aka â€˜[01m[Kstruct usb_v1::msg::Joy_<std::allocator<void> >[m[Kâ€™} has no member named â€˜[01m[Kmove_3[m[Kâ€™
  103 |             msg.[01;31m[Kmove_3[m[K = recvControllerData_t.moveBtnBit.move3;
      |                 [01;31m[K^~~~~~[m[K
[01m[K/home/knn/USB_test/src/usb_v1/src/USB_esp.cpp:104:17:[m[K [01;31m[Kerror: [m[Kâ€˜[01m[Kusing Joy = struct usb_v1::msg::Joy_<std::allocator<void> >[m[Kâ€™ {aka â€˜[01m[Kstruct usb_v1::msg::Joy_<std::allocator<void> >[m[Kâ€™} has no member named â€˜[01m[Kmove_4[m[Kâ€™
  104 |             msg.[01;31m[Kmove_4[m[K = recvControllerData_t.moveBtnBit.move4;
      |                 [01;31m[K^~~~~~[m[K
[01m[K/home/knn/USB_test/src/usb_v1/src/USB_esp.cpp:105:17:[m[K [01;31m[Kerror: [m[Kâ€˜[01m[Kusing Joy = struct usb_v1::msg::Joy_<std::allocator<void> >[m[Kâ€™ {aka â€˜[01m[Kstruct usb_v1::msg::Joy_<std::allocator<void> >[m[Kâ€™} has no member named â€˜[01m[Kset1[m[Kâ€™
  105 |             msg.[01;31m[Kset1[m[K = recvControllerData_t.moveBtnBit.set1;
      |                 [01;31m[K^~~~[m[K
[01m[K/home/knn/USB_test/src/usb_v1/src/USB_esp.cpp:106:17:[m[K [01;31m[Kerror: [m[Kâ€˜[01m[Kusing Joy = struct usb_v1::msg::Joy_<std::allocator<void> >[m[Kâ€™ {aka â€˜[01m[Kstruct usb_v1::msg::Joy_<std::allocator<void> >[m[Kâ€™} has no member named â€˜[01m[Kset2[m[Kâ€™
  106 |             msg.[01;31m[Kset2[m[K = recvControllerData_t.moveBtnBit.set2;
      |                 [01;31m[K^~~~[m[K
[01m[K/home/knn/USB_test/src/usb_v1/src/USB_esp.cpp:108:17:[m[K [01;31m[Kerror: [m[Kâ€˜[01m[Kusing Joy = struct usb_v1::msg::Joy_<std::allocator<void> >[m[Kâ€™ {aka â€˜[01m[Kstruct usb_v1::msg::Joy_<std::allocator<void> >[m[Kâ€™} has no member named â€˜[01m[Kattack1[m[Kâ€™
  108 |             msg.[01;31m[Kattack1[m[K = recvControllerData_t.attackBtnBit.attack1;
      |                 [01;31m[K^~~~~~~[m[K
[01m[K/home/knn/USB_test/src/usb_v1/src/USB_esp.cpp:109:17:[m[K [01;31m[Kerror: [m[Kâ€˜[01m[Kusing Joy = struct usb_v1::msg::Joy_<std::allocator<void> >[m[Kâ€™ {aka â€˜[01m[Kstruct usb_v1::msg::Joy_<std::allocator<void> >[m[Kâ€™} has no member named â€˜[01m[Kattack2[m[Kâ€™
  109 |             msg.[01;31m[Kattack2[m[K = recvControllerData_t.attackBtnBit.attack2;
      |                 [01;31m[K^~~~~~~[m[K
[01m[K/home/knn/USB_test/src/usb_v1/src/USB_esp.cpp:110:17:[m[K [01;31m[Kerror: [m[Kâ€˜[01m[Kusing Joy = struct usb_v1::msg::Joy_<std::allocator<void> >[m[Kâ€™ {aka â€˜[01m[Kstruct usb_v1::msg::Joy_<std::allocator<void> >[m[Kâ€™} has no member named â€˜[01m[Kattack3[m[Kâ€™
  110 |             msg.[01;31m[Kattack3[m[K = recvControllerData_t.attackBtnBit.attack3;
      |                 [01;31m[K^~~~~~~[m[K
[01m[K/home/knn/USB_test/src/usb_v1/src/USB_esp.cpp:111:17:[m[K [01;31m[Kerror: [m[Kâ€˜[01m[Kusing Joy = struct usb_v1::msg::Joy_<std::allocator<void> >[m[Kâ€™ {aka â€˜[01m[Kstruct usb_v1::msg::Joy_<std::allocator<void> >[m[Kâ€™} has no member named â€˜[01m[Kattack4[m[Kâ€™
  111 |             msg.[01;31m[Kattack4[m[K = recvControllerData_t.attackBtnBit.attack4;
      |                 [01;31m[K^~~~~~~[m[K
gmake[2]: *** [CMakeFiles/listener.dir/build.make:76: CMakeFiles/listener.dir/src/Print_Data.cpp.o] Error 1
gmake[1]: *** [CMakeFiles/Makefile2:210: CMakeFiles/listener.dir/all] Error 2
gmake[1]: *** Waiting for unfinished jobs....
gmake[2]: *** [CMakeFiles/talker.dir/build.make:76: CMakeFiles/talker.dir/src/USB_esp.cpp.o] Error 1
gmake[1]: *** [CMakeFiles/Makefile2:184: CMakeFiles/talker.dir/all] Error 2
gmake: *** [Makefile:146: all] Error 2
