[0.010s] Invoking command in '/home/knn/USB_test/build/usb_v1': CMAKE_PREFIX_PATH=/home/knn/USB_test/install/serial:/home/knn/USB_test/install/usb_v1:/home/knn/abu2025_ws/install/ust_05ln_ros2:/home/knn/abu2025_ws/install/irob_maneuv3r:/home/knn/abu2025_ws/install/irob_launcher:/home/knn/abu2025_ws/install/irob_interface:/home/knn/abu2025_ws/install/irob_controller:/home/knn/abu2025_ws/install/irob_msgs:/home/knn/abu2025_ws/install/abu2025_ros2:/opt/ros/humble /usr/bin/cmake --build /home/knn/USB_test/build/usb_v1 -- -j12 -l12
[0.030s] -- Found ament_cmake: 1.3.11 (/opt/ros/humble/share/ament_cmake/cmake)
[0.110s] -- Found rclcpp: 16.0.11 (/opt/ros/humble/share/rclcpp/cmake)
[0.127s] -- Found rosidl_generator_c: 3.1.6 (/opt/ros/humble/share/rosidl_generator_c/cmake)
[0.128s] -- Found rosidl_adapter: 3.1.6 (/opt/ros/humble/share/rosidl_adapter/cmake)
[0.132s] -- Found rosidl_generator_cpp: 3.1.6 (/opt/ros/humble/share/rosidl_generator_cpp/cmake)
[0.137s] -- Using all available rosidl_typesupport_c: rosidl_typesupport_fastrtps_c;rosidl_typesupport_introspection_c
[0.144s] -- Using all available rosidl_typesupport_cpp: rosidl_typesupport_fastrtps_cpp;rosidl_typesupport_introspection_cpp
[0.162s] -- Found rmw_implementation_cmake: 6.1.2 (/opt/ros/humble/share/rmw_implementation_cmake/cmake)
[0.163s] -- Found rmw_fastrtps_cpp: 6.2.7 (/opt/ros/humble/share/rmw_fastrtps_cpp/cmake)
[0.228s] -- Using RMW implementation 'rmw_fastrtps_cpp' as default
[0.257s] -- Found serial: 1.2.0 (/home/knn/USB_test/install/serial/share/serial/cmake)
[0.257s] -- Found geometry_msgs: 4.2.4 (/opt/ros/humble/share/geometry_msgs/cmake)
[0.264s] -- Found rosidl_default_generators: 1.2.0 (/opt/ros/humble/share/rosidl_default_generators/cmake)
[0.448s] -- Found ament_cmake_ros: 0.10.0 (/opt/ros/humble/share/ament_cmake_ros/cmake)
[0.729s] -- Using all available rosidl_typesupport_c: rosidl_typesupport_fastrtps_c;rosidl_typesupport_introspection_c
[0.843s] -- Using all available rosidl_typesupport_cpp: rosidl_typesupport_fastrtps_cpp;rosidl_typesupport_introspection_cpp
[0.866s] -- Found python_cmake_module: 0.10.0 (/opt/ros/humble/share/python_cmake_module/cmake)
[0.883s] -- Using PYTHON_EXECUTABLE: /usr/bin/python3
[0.883s] -- Using PYTHON_INCLUDE_DIRS: /usr/include/python3.10
[0.883s] -- Using PYTHON_LIBRARIES: /usr/lib/x86_64-linux-gnu/libpython3.10.so
[0.907s] -- Configuring done
[0.929s] -- Generating done
[0.937s] -- Build files have been written to: /home/knn/USB_test/build/usb_v1
[0.962s] [35m[1mConsolidate compiler generated dependencies of target usb_v1__rosidl_generator_c[0m
[0.974s] [  8%] [32mBuilding CXX object CMakeFiles/talker.dir/src/USB_esp.cpp.o[0m
[0.974s] [ 14%] Built target usb_v1__rosidl_generator_c
[0.974s] [ 11%] [32mBuilding CXX object CMakeFiles/listener.dir/src/Print_Data.cpp.o[0m
[0.974s] [ 17%] Built target usb_v1__cpp
[0.976s] [ 17%] Built target ament_cmake_python_copy_usb_v1
[0.985s] [35m[1mConsolidate compiler generated dependencies of target usb_v1__rosidl_typesupport_fastrtps_c[0m
[0.989s] [35m[1mConsolidate compiler generated dependencies of target usb_v1__rosidl_typesupport_introspection_cpp[0m
[0.989s] [35m[1mConsolidate compiler generated dependencies of target usb_v1__rosidl_typesupport_c[0m
[0.989s] [35m[1mConsolidate compiler generated dependencies of target usb_v1__rosidl_typesupport_cpp[0m
[0.989s] [35m[1mConsolidate compiler generated dependencies of target usb_v1__rosidl_typesupport_introspection_c[0m
[0.989s] [35m[1mConsolidate compiler generated dependencies of target usb_v1__rosidl_typesupport_fastrtps_cpp[0m
[1.000s] [ 28%] Built target usb_v1__rosidl_typesupport_fastrtps_c
[1.001s] [ 34%] Built target usb_v1__rosidl_typesupport_introspection_c
[1.002s] [ 42%] Built target usb_v1__rosidl_typesupport_cpp
[1.002s] [ 51%] Built target usb_v1__rosidl_typesupport_c
[1.002s] [ 60%] Built target usb_v1__rosidl_typesupport_introspection_cpp
[1.006s] [ 68%] Built target usb_v1__rosidl_typesupport_fastrtps_cpp
[1.031s] [ 68%] Built target usb_v1
[1.053s] [ 71%] Built target usb_v1__py
[1.065s] [35m[1mConsolidate compiler generated dependencies of target usb_v1__rosidl_generator_py[0m
[1.078s] [ 77%] Built target usb_v1__rosidl_generator_py
[1.091s] [35m[1mConsolidate compiler generated dependencies of target usb_v1__rosidl_typesupport_c__pyext[0m
[1.091s] [35m[1mConsolidate compiler generated dependencies of target usb_v1__rosidl_typesupport_fastrtps_c__pyext[0m
[1.092s] [35m[1mConsolidate compiler generated dependencies of target usb_v1__rosidl_typesupport_introspection_c__pyext[0m
[1.106s] [ 88%] Built target usb_v1__rosidl_typesupport_c__pyext
[1.106s] [ 88%] Built target usb_v1__rosidl_typesupport_fastrtps_c__pyext
[1.109s] [ 94%] Built target usb_v1__rosidl_typesupport_introspection_c__pyext
[1.135s] [01m[K/home/knn/USB_test/src/usb_v1/src/Print_Data.cpp:11:10:[m[K [01;31m[Kfatal error: [m[Kusb_v1/msg/Joy.hpp: No such file or directory
[1.135s]    11 | #include [01;31m[K<usb_v1/msg/Joy.hpp>[m[K
[1.135s]       |          [01;31m[K^~~~~~~~~~~~~~~~~~~~[m[K
[1.135s] compilation terminated.
[1.137s] gmake[2]: *** [CMakeFiles/listener.dir/build.make:76: CMakeFiles/listener.dir/src/Print_Data.cpp.o] Error 1
[1.137s] gmake[1]: *** [CMakeFiles/Makefile2:210: CMakeFiles/listener.dir/all] Error 2
[1.138s] gmake[1]: *** Waiting for unfinished jobs....
[1.139s] [01m[K/home/knn/USB_test/src/usb_v1/src/USB_esp.cpp:11:10:[m[K [01;31m[Kfatal error: [m[Kusb_v1/msg/Joy.hpp: No such file or directory
[1.139s]    11 | #include [01;31m[K<usb_v1/msg/Joy.hpp>[m[K
[1.139s]       |          [01;31m[K^~~~~~~~~~~~~~~~~~~~[m[K
[1.139s] compilation terminated.
[1.141s] gmake[2]: *** [CMakeFiles/talker.dir/build.make:76: CMakeFiles/talker.dir/src/USB_esp.cpp.o] Error 1
[1.141s] gmake[1]: *** [CMakeFiles/Makefile2:184: CMakeFiles/talker.dir/all] Error 2
[1.200s] running egg_info
[1.200s] writing usb_v1.egg-info/PKG-INFO
[1.200s] writing dependency_links to usb_v1.egg-info/dependency_links.txt
[1.201s] writing top-level names to usb_v1.egg-info/top_level.txt
[1.202s] reading manifest file 'usb_v1.egg-info/SOURCES.txt'
[1.202s] writing manifest file 'usb_v1.egg-info/SOURCES.txt'
[1.223s] [ 94%] Built target ament_cmake_python_build_usb_v1_egg
[1.224s] gmake: *** [Makefile:146: all] Error 2
[1.226s] Invoked command in '/home/knn/USB_test/build/usb_v1' returned '2': CMAKE_PREFIX_PATH=/home/knn/USB_test/install/serial:/home/knn/USB_test/install/usb_v1:/home/knn/abu2025_ws/install/ust_05ln_ros2:/home/knn/abu2025_ws/install/irob_maneuv3r:/home/knn/abu2025_ws/install/irob_launcher:/home/knn/abu2025_ws/install/irob_interface:/home/knn/abu2025_ws/install/irob_controller:/home/knn/abu2025_ws/install/irob_msgs:/home/knn/abu2025_ws/install/abu2025_ros2:/opt/ros/humble /usr/bin/cmake --build /home/knn/USB_test/build/usb_v1 -- -j12 -l12
