[0.009s] Invoking command in '/home/knn/USB_test/build/usb_v1': CMAKE_PREFIX_PATH=/home/knn/USB_test/install/serial:/home/knn/USB_test/install/usb_v1:/home/knn/abu2025_ws/install/ust_05ln_ros2:/home/knn/abu2025_ws/install/irob_maneuv3r:/home/knn/abu2025_ws/install/irob_launcher:/home/knn/abu2025_ws/install/irob_interface:/home/knn/abu2025_ws/install/irob_controller:/home/knn/abu2025_ws/install/irob_msgs:/home/knn/abu2025_ws/install/abu2025_ros2:/opt/ros/humble /usr/bin/cmake --build /home/knn/USB_test/build/usb_v1 -- -j12 -l12
[0.033s] -- Found ament_cmake: 1.3.11 (/opt/ros/humble/share/ament_cmake/cmake)
[0.116s] -- Found rclcpp: 16.0.11 (/opt/ros/humble/share/rclcpp/cmake)
[0.134s] -- Found rosidl_generator_c: 3.1.6 (/opt/ros/humble/share/rosidl_generator_c/cmake)
[0.136s] -- Found rosidl_adapter: 3.1.6 (/opt/ros/humble/share/rosidl_adapter/cmake)
[0.139s] -- Found rosidl_generator_cpp: 3.1.6 (/opt/ros/humble/share/rosidl_generator_cpp/cmake)
[0.144s] -- Using all available rosidl_typesupport_c: rosidl_typesupport_fastrtps_c;rosidl_typesupport_introspection_c
[0.152s] -- Using all available rosidl_typesupport_cpp: rosidl_typesupport_fastrtps_cpp;rosidl_typesupport_introspection_cpp
[0.169s] -- Found rmw_implementation_cmake: 6.1.2 (/opt/ros/humble/share/rmw_implementation_cmake/cmake)
[0.170s] -- Found rmw_fastrtps_cpp: 6.2.7 (/opt/ros/humble/share/rmw_fastrtps_cpp/cmake)
[0.250s] -- Using RMW implementation 'rmw_fastrtps_cpp' as default
[0.278s] -- Found serial: 1.2.0 (/home/knn/USB_test/install/serial/share/serial/cmake)
[0.279s] -- Found usb_v1: 0.0.0 (/home/knn/USB_test/install/usb_v1/share/usb_v1/cmake)
[0.294s] -- Found rosidl_default_generators: 1.2.0 (/opt/ros/humble/share/rosidl_default_generators/cmake)
[0.491s] -- Found ament_cmake_ros: 0.10.0 (/opt/ros/humble/share/ament_cmake_ros/cmake)
[0.764s] -- Using all available rosidl_typesupport_c: rosidl_typesupport_fastrtps_c;rosidl_typesupport_introspection_c
[0.878s] -- Using all available rosidl_typesupport_cpp: rosidl_typesupport_fastrtps_cpp;rosidl_typesupport_introspection_cpp
[0.895s] -- Found python_cmake_module: 0.10.0 (/opt/ros/humble/share/python_cmake_module/cmake)
[0.915s] -- Using PYTHON_EXECUTABLE: /usr/bin/python3
[0.915s] -- Using PYTHON_INCLUDE_DIRS: /usr/include/python3.10
[0.915s] -- Using PYTHON_LIBRARIES: /usr/lib/x86_64-linux-gnu/libpython3.10.so
[0.943s] -- Configuring done
[0.964s] -- Generating done
[0.973s] -- Build files have been written to: /home/knn/USB_test/build/usb_v1
[1.001s] [35m[1mConsolidate compiler generated dependencies of target usb_v1__rosidl_generator_c[0m
[1.011s] [  2%] Built target usb_v1__cpp
[1.012s] [  5%] [32mBuilding CXX object CMakeFiles/talker.dir/src/USB_esp.cpp.o[0m
[1.015s] [  8%] [32mBuilding CXX object CMakeFiles/listener.dir/src/Print_Data.cpp.o[0m
[1.015s] [ 17%] Built target usb_v1__rosidl_generator_c
[1.025s] [35m[1mConsolidate compiler generated dependencies of target usb_v1__rosidl_typesupport_cpp[0m
[1.025s] [ 17%] Built target ament_cmake_python_copy_usb_v1
[1.025s] [35m[1mConsolidate compiler generated dependencies of target usb_v1__rosidl_typesupport_introspection_cpp[0m
[1.025s] [35m[1mConsolidate compiler generated dependencies of target usb_v1__rosidl_typesupport_fastrtps_cpp[0m
[1.027s] [35m[1mConsolidate compiler generated dependencies of target usb_v1__rosidl_typesupport_c[0m
[1.030s] [35m[1mConsolidate compiler generated dependencies of target usb_v1__rosidl_typesupport_introspection_c[0m
[1.030s] [35m[1mConsolidate compiler generated dependencies of target usb_v1__rosidl_typesupport_fastrtps_c[0m
[1.038s] [ 34%] Built target usb_v1__rosidl_typesupport_cpp
[1.038s] [ 34%] Built target usb_v1__rosidl_typesupport_c
[1.042s] [ 51%] Built target usb_v1__rosidl_typesupport_fastrtps_cpp
[1.042s] [ 51%] Built target usb_v1__rosidl_typesupport_introspection_cpp
[1.042s] [ 60%] Built target usb_v1__rosidl_typesupport_fastrtps_c
[1.044s] [ 68%] Built target usb_v1__rosidl_typesupport_introspection_c
[1.066s] [ 68%] Built target usb_v1
[1.088s] [ 71%] Built target usb_v1__py
[1.100s] [35m[1mConsolidate compiler generated dependencies of target usb_v1__rosidl_generator_py[0m
[1.113s] [ 77%] Built target usb_v1__rosidl_generator_py
[1.127s] [35m[1mConsolidate compiler generated dependencies of target usb_v1__rosidl_typesupport_c__pyext[0m
[1.127s] [35m[1mConsolidate compiler generated dependencies of target usb_v1__rosidl_typesupport_fastrtps_c__pyext[0m
[1.128s] [35m[1mConsolidate compiler generated dependencies of target usb_v1__rosidl_typesupport_introspection_c__pyext[0m
[1.143s] [ 88%] Built target usb_v1__rosidl_typesupport_fastrtps_c__pyext
[1.143s] [ 88%] Built target usb_v1__rosidl_typesupport_c__pyext
[1.144s] [ 94%] Built target usb_v1__rosidl_typesupport_introspection_c__pyext
[1.212s] running egg_info
[1.213s] writing usb_v1.egg-info/PKG-INFO
[1.213s] writing dependency_links to usb_v1.egg-info/dependency_links.txt
[1.213s] writing top-level names to usb_v1.egg-info/top_level.txt
[1.215s] reading manifest file 'usb_v1.egg-info/SOURCES.txt'
[1.215s] writing manifest file 'usb_v1.egg-info/SOURCES.txt'
[1.240s] [ 94%] Built target ament_cmake_python_build_usb_v1_egg
[2.515s] [01m[K/home/knn/USB_test/src/usb_v1/src/USB_esp.cpp:97:2:[m[K [01;31m[Kerror: [m[Kexpected â€˜[01m[K;[m[Kâ€™ after class definition
[2.515s]    97 | }
[2.515s]       |  [01;31m[K^[m[K
[2.515s]       |  [32m[K;[m[K
[2.519s] [01m[K/home/knn/USB_test/src/usb_v1/src/USB_esp.cpp:[m[K In constructor â€˜[01m[KUSB::USB()[m[Kâ€™:
[2.519s] [01m[K/home/knn/USB_test/src/usb_v1/src/USB_esp.cpp:74:9:[m[K [01;31m[Kerror: [m[Kâ€˜[01m[K_USB[m[Kâ€™ was not declared in this scope; did you mean â€˜[01m[KUSB[m[Kâ€™?
[2.519s]    74 |         [01;31m[K_USB[m[K = std::make_shared<serial::Serial>(string(dev / ttyUSB0), 115200, serial::Timeout::simpleTimeout(5)); // serial_odject
[2.519s]       |         [01;31m[K^~~~[m[K
[2.519s]       |         [32m[KUSB[m[K
[2.522s] [01m[K/home/knn/USB_test/src/usb_v1/src/USB_esp.cpp:74:56:[m[K [01;31m[Kerror: [m[Kâ€˜[01m[Kdev[m[Kâ€™ was not declared in this scope; did you mean â€˜[01m[Kdiv[m[Kâ€™?
[2.522s]    74 |         _USB = std::make_shared<serial::Serial>(string([01;31m[Kdev[m[K / ttyUSB0), 115200, serial::Timeout::simpleTimeout(5)); // serial_odject
[2.522s]       |                                                        [01;31m[K^~~[m[K
[2.522s]       |                                                        [32m[Kdiv[m[K
[2.527s] [01m[K/home/knn/USB_test/src/usb_v1/src/USB_esp.cpp:74:62:[m[K [01;31m[Kerror: [m[Kâ€˜[01m[KttyUSB0[m[Kâ€™ was not declared in this scope
[2.527s]    74 |        _USB = std::make_shared<serial::Serial>(string(dev / [01;31m[KttyUSB0[m[K), 115200, serial::Timeout::simpleTimeout(5)); // serial_odject
[2.527s]       |                                                             [01;31m[K^~~~~~~[m[K
[2.527s] 
[2.527s] [01m[K/home/knn/USB_test/src/usb_v1/src/USB_esp.cpp:74:49:[m[K [01;31m[Kerror: [m[Kâ€˜[01m[Kstring[m[Kâ€™ was not declared in this scope
[2.528s]    74 |         _USB = std::make_shared<serial::Serial>([01;31m[Kstring[m[K(dev / ttyUSB0), 115200, serial::Timeout::simpleTimeout(5)); // serial_odject
[2.528s]       |                                                 [01;31m[K^~~~~~[m[K
[2.529s] [01m[K/home/knn/USB_test/src/usb_v1/src/USB_esp.cpp:74:49:[m[K [01;36m[Knote: [m[Ksuggested alternatives:
[2.529s] In file included from [01m[K/usr/include/c++/11/string:39[m[K,
[2.529s]                  from [01m[K/home/knn/USB_test/src/usb_v1/src/USB_esp.cpp:3[m[K:
[2.529s] [01m[K/usr/include/c++/11/bits/stringfwd.h:79:33:[m[K [01;36m[Knote: [m[K  â€˜[01m[Kstd::string[m[Kâ€™
[2.529s]    79 |   typedef basic_string<char>    [01;36m[Kstring[m[K;
[2.529s]       |                                 [01;36m[K^~~~~~[m[K
[2.530s] In file included from [01m[K/home/knn/USB_test/src/usb_v1/src/USB_esp.cpp:3[m[K:
[2.530s] [01m[K/usr/include/c++/11/string:67:11:[m[K [01;36m[Knote: [m[K  â€˜[01m[Kstd::pmr::string[m[Kâ€™
[2.530s]    67 |     using [01;36m[Kstring[m[K    = basic_string<char>;
[2.530s]       |           [01;36m[K^~~~~~[m[K
[2.541s] In file included from [01m[K/opt/ros/humble/include/rclcpp/rclcpp/logging.hpp:24[m[K,
[2.541s]                  from [01m[K/opt/ros/humble/include/rclcpp/rclcpp/client.hpp:40[m[K,
[2.541s]                  from [01m[K/opt/ros/humble/include/rclcpp/rclcpp/callback_group.hpp:24[m[K,
[2.541s]                  from [01m[K/opt/ros/humble/include/rclcpp/rclcpp/any_executable.hpp:20[m[K,
[2.541s]                  from [01m[K/opt/ros/humble/include/rclcpp/rclcpp/memory_strategy.hpp:25[m[K,
[2.541s]                  from [01m[K/opt/ros/humble/include/rclcpp/rclcpp/memory_strategies.hpp:18[m[K,
[2.541s]                  from [01m[K/opt/ros/humble/include/rclcpp/rclcpp/executor_options.hpp:20[m[K,
[2.541s]                  from [01m[K/opt/ros/humble/include/rclcpp/rclcpp/executor.hpp:37[m[K,
[2.541s]                  from [01m[K/opt/ros/humble/include/rclcpp/rclcpp/executors/multi_threaded_executor.hpp:25[m[K,
[2.541s]                  from [01m[K/opt/ros/humble/include/rclcpp/rclcpp/executors.hpp:21[m[K,
[2.542s]                  from [01m[K/opt/ros/humble/include/rclcpp/rclcpp/rclcpp.hpp:155[m[K,
[2.542s]                  from [01m[K/home/knn/USB_test/src/usb_v1/src/USB_esp.cpp:10[m[K:
[2.542s] [01m[K/home/knn/USB_test/src/usb_v1/src/USB_esp.cpp:82:74:[m[K [01;31m[Kerror: [m[Kâ€˜[01m[Kport[m[Kâ€™ was not declared in this scope
[2.542s]    82 | CLCPP_INFO(get_logger(), "Opened serial port %s @ %d baud", [01;31m[Kport[m[K.c_str(), baudrate);
[2.542s]       |                                                             [01;31m[K^~~~[m[K
[2.542s] 
[2.545s] [01m[K/home/knn/USB_test/src/usb_v1/src/USB_esp.cpp:82:88:[m[K [01;31m[Kerror: [m[Kâ€˜[01m[Kbaudrate[m[Kâ€™ was not declared in this scope
[2.545s]    82 | t_logger(), "Opened serial port %s @ %d baud", port.c_str(), [01;31m[Kbaudrate[m[K);
[2.545s]       |                                                              [01;31m[K^~~~~~~~[m[K
[2.545s] 
[2.549s] [01m[K/home/knn/USB_test/src/usb_v1/src/USB_esp.cpp:86:75:[m[K [01;31m[Kerror: [m[Kâ€˜[01m[Kport[m[Kâ€™ was not declared in this scope
[2.549s]    86 | LCPP_FATAL(get_logger(), "Failed to open serial port '%s'", [01;31m[Kport[m[K.c_str());
[2.549s]       |                                                             [01;31m[K^~~~[m[K
[2.549s] 
[2.549s] [01m[K/home/knn/USB_test/src/usb_v1/src/USB_esp.cpp:[m[K In member function â€˜[01m[Kvoid USB::Runner()[m[Kâ€™:
[2.549s] [01m[K/home/knn/USB_test/src/usb_v1/src/USB_esp.cpp:93:13:[m[K [01;31m[Kerror: [m[Kinvalid cast from type â€˜[01m[KControllerData_t[m[Kâ€™ to type â€˜[01m[Kuint8_t*[m[Kâ€™ {aka â€˜[01m[Kunsigned char*[m[Kâ€™}
[2.549s]    93 |        read([01;31m[K(uint8_t *)recvControllerData_t[m[K, sizeof(recvControllerData_t)); //read_data
[2.550s]       |             [01;31m[K^~~~~~~~~~~~~~~~~~~~~~~~~~~~~~~[m[K
[2.550s] [01m[K/home/knn/USB_test/src/usb_v1/src/USB_esp.cpp:95:16:[m[K [01;31m[Kerror: [m[Kâ€˜[01m[Kusing element_type = class rclcpp::Publisher<usb_v1::msg::Joy_<std::allocator<void> > >[m[Kâ€™ {aka â€˜[01m[Kclass rclcpp::Publisher<usb_v1::msg::Joy_<std::allocator<void> > >[m[Kâ€™} has no member named â€˜[01m[Kpubilsh[m[Kâ€™; did you mean â€˜[01m[Kpublish[m[Kâ€™?
[2.550s]    95 |        pubJoy->[01;31m[Kpubilsh[m[K(recvControllerData_t); //send data frompublisher
[2.550s]       |                [01;31m[K^~~~~~~[m[K
[2.550s]       |                [32m[Kpublish[m[K
[2.562s] [01m[K/home/knn/USB_test/src/usb_v1/src/Print_Data.cpp:63:13:[m[K [01;31m[Kerror: [m[Kâ€˜[01m[KSubscript[m[Kâ€™ in namespace â€˜[01m[Krclcpp[m[Kâ€™ does not name a template type; did you mean â€˜[01m[KSubscription[m[Kâ€™?
[2.562s]    63 |     rclcpp::[01;31m[KSubscript[m[K<usb_v1::msg::Joy>::SharedPtr subJoy; // Publisher_odject
[2.562s]       |             [01;31m[K^~~~~~~~~[m[K
[2.562s]       |             [32m[KSubscription[m[K
[2.562s] [01m[K/home/knn/USB_test/src/usb_v1/src/Print_Data.cpp:72:25:[m[K [01;31m[Kerror: [m[Kexpected identifier before â€˜[01m[K<[m[Kâ€™ token
[2.563s]    72 |     void topic_callback([01;31m[K<[m[Kusb_v1::msg::Joy> &msg)
[2.563s]       |                         [01;31m[K^[m[K
[2.563s] [01m[K/home/knn/USB_test/src/usb_v1/src/Print_Data.cpp:72:25:[m[K [01;31m[Kerror: [m[Kexpected â€˜[01m[K,[m[Kâ€™ or â€˜[01m[K...[m[Kâ€™ before â€˜[01m[K<[m[Kâ€™ token
[2.563s] [01m[K/home/knn/USB_test/src/usb_v1/src/Print_Data.cpp:93:2:[m[K [01;31m[Kerror: [m[Kexpected â€˜[01m[K;[m[Kâ€™ after class definition
[2.563s]    93 | }
[2.563s]       |  [01;31m[K^[m[K
[2.563s]       |  [32m[K;[m[K
[2.567s] [01m[K/home/knn/USB_test/src/usb_v1/src/Print_Data.cpp:[m[K In constructor â€˜[01m[KPrintData::PrintData()[m[Kâ€™:
[2.567s] [01m[K/home/knn/USB_test/src/usb_v1/src/Print_Data.cpp:69:9:[m[K [01;31m[Kerror: [m[Kâ€˜[01m[KsubJoy[m[Kâ€™ was not declared in this scope
[2.567s]    69 |         [01;31m[KsubJoy[m[K = create_subscription<usb_v1::msg::Joy>("Data", 10, std::bind(&PrintData::topic_callback, this, _1)); // create subscription
[2.567s]       |         [01;31m[K^~~~~~[m[K
[2.567s] [01m[K/home/knn/USB_test/src/usb_v1/src/Print_Data.cpp:69:112:[m[K [01;31m[Kerror: [m[Kâ€˜[01m[K_1[m[Kâ€™ was not declared in this scope; did you mean â€˜[01m[Kstd::placeholders::_1[m[Kâ€™?
[2.567s]    69 |         subJoy = create_subscription<usb_v1::msg::Joy>("Data", 10, std::bind(&PrintData::topic_callback, this, [01;31m[K_1[m[K)); // create subscription
[2.567s]       |                                                                                                                [01;31m[K^~[m[K
[2.567s]       |                                                                                                                [32m[Kstd::placeholders::_1[m[K
[2.568s] In file included from [01m[K/usr/include/c++/11/pstl/glue_algorithm_defs.h:13[m[K,
[2.568s]                  from [01m[K/usr/include/c++/11/algorithm:74[m[K,
[2.568s]                  from [01m[K/opt/ros/humble/include/rclcpp/rclcpp/executor.hpp:18[m[K,
[2.568s]                  from [01m[K/opt/ros/humble/include/rclcpp/rclcpp/executors/multi_threaded_executor.hpp:25[m[K,
[2.568s]                  from [01m[K/opt/ros/humble/include/rclcpp/rclcpp/executors.hpp:21[m[K,
[2.568s]                  from [01m[K/opt/ros/humble/include/rclcpp/rclcpp/rclcpp.hpp:155[m[K,
[2.568s]                  from [01m[K/home/knn/USB_test/src/usb_v1/src/Print_Data.cpp:10[m[K:
[2.568s] [01m[K/usr/include/c++/11/functional:225:34:[m[K [01;36m[Knote: [m[Kâ€˜[01m[Kstd::placeholders::_1[m[Kâ€™ declared here
[2.568s]   225 |     extern const _Placeholder<1> [01;36m[K_1[m[K;
[2.569s]       |                                  [01;36m[K^~[m[K
[2.569s] In file included from [01m[K/opt/ros/humble/include/rclcpp/rclcpp/logging.hpp:24[m[K,
[2.569s]                  from [01m[K/opt/ros/humble/include/rclcpp/rclcpp/client.hpp:40[m[K,
[2.569s]                  from [01m[K/opt/ros/humble/include/rclcpp/rclcpp/callback_group.hpp:24[m[K,
[2.569s]                  from [01m[K/opt/ros/humble/include/rclcpp/rclcpp/any_executable.hpp:20[m[K,
[2.569s]                  from [01m[K/opt/ros/humble/include/rclcpp/rclcpp/memory_strategy.hpp:25[m[K,
[2.569s]                  from [01m[K/opt/ros/humble/include/rclcpp/rclcpp/memory_strategies.hpp:18[m[K,
[2.569s]                  from [01m[K/opt/ros/humble/include/rclcpp/rclcpp/executor_options.hpp:20[m[K,
[2.569s]                  from [01m[K/opt/ros/humble/include/rclcpp/rclcpp/executor.hpp:37[m[K,
[2.569s]                  from [01m[K/opt/ros/humble/include/rclcpp/rclcpp/executors/multi_threaded_executor.hpp:25[m[K,
[2.569s]                  from [01m[K/opt/ros/humble/include/rclcpp/rclcpp/executors.hpp:21[m[K,
[2.569s]                  from [01m[K/opt/ros/humble/include/rclcpp/rclcpp/rclcpp.hpp:155[m[K,
[2.569s]                  from [01m[K/home/knn/USB_test/src/usb_v1/src/Print_Data.cpp:10[m[K:
[2.569s] [01m[K/home/knn/USB_test/src/usb_v1/src/Print_Data.cpp:[m[K In member function â€˜[01m[Kvoid PrintData::topic_callback(int)[m[Kâ€™:
[2.569s] [01m[K/home/knn/USB_test/src/usb_v1/src/Print_Data.cpp:78:21:[m[K [01;31m[Kerror: [m[Kâ€˜[01m[Kmsg[m[Kâ€™ was not declared in this scope
[2.569s]    78 |                     [01;31m[Kmsg[m[K.moveBtnBit.move1,
[2.570s]       |                     [01;31m[K^~~[m[K
[2.570s] [01m[K/home/knn/USB_test/src/usb_v1/src/Print_Data.cpp:78:21:[m[K [01;36m[Knote: [m[Ksuggested alternatives:
[2.570s] In file included from [01m[K/opt/ros/humble/include/builtin_interfaces/builtin_interfaces/msg/duration.hpp:7[m[K,
[2.570s]                  from [01m[K/opt/ros/humble/include/rclcpp/rclcpp/duration.hpp:20[m[K,
[2.570s]                  from [01m[K/opt/ros/humble/include/rclcpp/rclcpp/qos.hpp:20[m[K,
[2.570s]                  from [01m[K/opt/ros/humble/include/rclcpp/rclcpp/node_interfaces/node_graph_interface.hpp:32[m[K,
[2.570s]                  from [01m[K/opt/ros/humble/include/rclcpp/rclcpp/client.hpp:42[m[K,
[2.570s]                  from [01m[K/opt/ros/humble/include/rclcpp/rclcpp/callback_group.hpp:24[m[K,
[2.570s]                  from [01m[K/opt/ros/humble/include/rclcpp/rclcpp/any_executable.hpp:20[m[K,
[2.570s]                  from [01m[K/opt/ros/humble/include/rclcpp/rclcpp/memory_strategy.hpp:25[m[K,
[2.570s]                  from [01m[K/opt/ros/humble/include/rclcpp/rclcpp/memory_strategies.hpp:18[m[K,
[2.570s]                  from [01m[K/opt/ros/humble/include/rclcpp/rclcpp/executor_options.hpp:20[m[K,
[2.570s]                  from [01m[K/opt/ros/humble/include/rclcpp/rclcpp/executor.hpp:37[m[K,
[2.570s]                  from [01m[K/opt/ros/humble/include/rclcpp/rclcpp/executors/multi_threaded_executor.hpp:25[m[K,
[2.570s]                  from [01m[K/opt/ros/humble/include/rclcpp/rclcpp/executors.hpp:21[m[K,
[2.570s]                  from [01m[K/opt/ros/humble/include/rclcpp/rclcpp/rclcpp.hpp:155[m[K,
[2.571s]                  from [01m[K/home/knn/USB_test/src/usb_v1/src/Print_Data.cpp:10[m[K:
[2.571s] [01m[K/opt/ros/humble/include/builtin_interfaces/builtin_interfaces/msg/detail/duration__struct.hpp:27:11:[m[K [01;36m[Knote: [m[K  â€˜[01m[Kbuiltin_interfaces::msg[m[Kâ€™
[2.571s]    27 | namespace [01;36m[Kmsg[m[K
[2.571s]       |           [01;36m[K^~~[m[K
[2.571s] In file included from [01m[K/opt/ros/humble/include/rcl_interfaces/rcl_interfaces/msg/set_parameters_result.hpp:7[m[K,
[2.571s]                  from [01m[K/opt/ros/humble/include/rclcpp/rclcpp/qos_overriding_options.hpp:28[m[K,
[2.571s]                  from [01m[K/opt/ros/humble/include/rclcpp/rclcpp/subscription_options.hpp:30[m[K,
[2.571s]                  from [01m[K/opt/ros/humble/include/rclcpp/rclcpp/subscription.hpp:45[m[K,
[2.571s]                  from [01m[K/opt/ros/humble/include/rclcpp/rclcpp/any_executable.hpp:25[m[K,
[2.571s]                  from [01m[K/opt/ros/humble/include/rclcpp/rclcpp/memory_strategy.hpp:25[m[K,
[2.571s]                  from [01m[K/opt/ros/humble/include/rclcpp/rclcpp/memory_strategies.hpp:18[m[K,
[2.571s]                  from [01m[K/opt/ros/humble/include/rclcpp/rclcpp/executor_options.hpp:20[m[K,
[2.571s]                  from [01m[K/opt/ros/humble/include/rclcpp/rclcpp/executor.hpp:37[m[K,
[2.571s]                  from [01m[K/opt/ros/humble/include/rclcpp/rclcpp/executors/multi_threaded_executor.hpp:25[m[K,
[2.571s]                  from [01m[K/opt/ros/humble/include/rclcpp/rclcpp/executors.hpp:21[m[K,
[2.571s]                  from [01m[K/opt/ros/humble/include/rclcpp/rclcpp/rclcpp.hpp:155[m[K,
[2.572s]                  from [01m[K/home/knn/USB_test/src/usb_v1/src/Print_Data.cpp:10[m[K:
[2.572s] [01m[K/opt/ros/humble/include/rcl_interfaces/rcl_interfaces/msg/detail/set_parameters_result__struct.hpp:27:11:[m[K [01;36m[Knote: [m[K  â€˜[01m[Krcl_interfaces::msg[m[Kâ€™
[2.572s]    27 | namespace [01;36m[Kmsg[m[K
[2.572s]       |           [01;36m[K^~~[m[K
[2.572s] In file included from [01m[K/opt/ros/humble/include/statistics_msgs/statistics_msgs/msg/detail/metrics_message__struct.hpp:23[m[K,
[2.572s]                  from [01m[K/opt/ros/humble/include/statistics_msgs/statistics_msgs/msg/metrics_message.hpp:7[m[K,
[2.572s]                  from [01m[K/opt/ros/humble/include/libstatistics_collector/libstatistics_collector/collector/generate_statistics_message.hpp:21[m[K,
[2.572s]                  from [01m[K/opt/ros/humble/include/rclcpp/rclcpp/topic_statistics/subscription_topic_statistics.hpp:23[m[K,
[2.572s]                  from [01m[K/opt/ros/humble/include/rclcpp/rclcpp/subscription.hpp:50[m[K,
[2.572s]                  from [01m[K/opt/ros/humble/include/rclcpp/rclcpp/any_executable.hpp:25[m[K,
[2.572s]                  from [01m[K/opt/ros/humble/include/rclcpp/rclcpp/memory_strategy.hpp:25[m[K,
[2.572s]                  from [01m[K/opt/ros/humble/include/rclcpp/rclcpp/memory_strategies.hpp:18[m[K,
[2.572s]                  from [01m[K/opt/ros/humble/include/rclcpp/rclcpp/executor_options.hpp:20[m[K,
[2.572s]                  from [01m[K/opt/ros/humble/include/rclcpp/rclcpp/executor.hpp:37[m[K,
[2.572s]                  from [01m[K/opt/ros/humble/include/rclcpp/rclcpp/executors/multi_threaded_executor.hpp:25[m[K,
[2.572s]                  from [01m[K/opt/ros/humble/include/rclcpp/rclcpp/executors.hpp:21[m[K,
[2.573s]                  from [01m[K/opt/ros/humble/include/rclcpp/rclcpp/rclcpp.hpp:155[m[K,
[2.573s]                  from [01m[K/home/knn/USB_test/src/usb_v1/src/Print_Data.cpp:10[m[K:
[2.573s] [01m[K/opt/ros/humble/include/statistics_msgs/statistics_msgs/msg/detail/statistic_data_point__struct.hpp:27:11:[m[K [01;36m[Knote: [m[K  â€˜[01m[Kstatistics_msgs::msg[m[Kâ€™
[2.573s]    27 | namespace [01;36m[Kmsg[m[K
[2.573s]       |           [01;36m[K^~~[m[K
[2.573s] In file included from [01m[K/home/knn/USB_test/install/usb_v1/include/usb_v1/usb_v1/msg/joy.hpp:7[m[K,
[2.573s]                  from [01m[K/home/knn/USB_test/src/usb_v1/src/Print_Data.cpp:11[m[K:
[2.573s] [01m[K/home/knn/USB_test/install/usb_v1/include/usb_v1/usb_v1/msg/detail/joy__struct.hpp:27:11:[m[K [01;36m[Knote: [m[K  â€˜[01m[Kusb_v1::msg[m[Kâ€™
[2.573s]    27 | namespace [01;36m[Kmsg[m[K
[2.573s]       |           [01;36m[K^~~[m[K
[2.852s] gmake[2]: *** [CMakeFiles/listener.dir/build.make:76: CMakeFiles/listener.dir/src/Print_Data.cpp.o] Error 1
[2.853s] gmake[1]: *** [CMakeFiles/Makefile2:210: CMakeFiles/listener.dir/all] Error 2
[2.853s] gmake[1]: *** Waiting for unfinished jobs....
[3.008s] gmake[2]: *** [CMakeFiles/talker.dir/build.make:76: CMakeFiles/talker.dir/src/USB_esp.cpp.o] Error 1
[3.008s] gmake[1]: *** [CMakeFiles/Makefile2:184: CMakeFiles/talker.dir/all] Error 2
[3.008s] gmake: *** [Makefile:146: all] Error 2
[3.010s] Invoked command in '/home/knn/USB_test/build/usb_v1' returned '2': CMAKE_PREFIX_PATH=/home/knn/USB_test/install/serial:/home/knn/USB_test/install/usb_v1:/home/knn/abu2025_ws/install/ust_05ln_ros2:/home/knn/abu2025_ws/install/irob_maneuv3r:/home/knn/abu2025_ws/install/irob_launcher:/home/knn/abu2025_ws/install/irob_interface:/home/knn/abu2025_ws/install/irob_controller:/home/knn/abu2025_ws/install/irob_msgs:/home/knn/abu2025_ws/install/abu2025_ros2:/opt/ros/humble /usr/bin/cmake --build /home/knn/USB_test/build/usb_v1 -- -j12 -l12
