[35m[1mConsolidate compiler generated dependencies of target usb_v1__rosidl_generator_c[0m
[35m[1mConsolidate compiler generated dependencies of target talker[0m
[35m[1mConsolidate compiler generated dependencies of target listener[0m
[  2%] Built target usb_v1__cpp
[ 11%] Built target usb_v1__rosidl_generator_c
[35m[1mConsolidate compiler generated dependencies of target usb_v1__rosidl_typesupport_introspection_cpp[0m
[35m[1mConsolidate compiler generated dependencies of target usb_v1__rosidl_typesupport_cpp[0m
[ 11%] Built target ament_cmake_python_copy_usb_v1
[35m[1mConsolidate compiler generated dependencies of target usb_v1__rosidl_typesupport_fastrtps_cpp[0m
[ 17%] [32mBuilding CXX object CMakeFiles/listener.dir/src/Print_Data.cpp.o[0m
[ 17%] [32mBuilding CXX object CMakeFiles/talker.dir/src/USB_esp.cpp.o[0m
[35m[1mConsolidate compiler generated dependencies of target usb_v1__rosidl_typesupport_c[0m
[35m[1mConsolidate compiler generated dependencies of target usb_v1__rosidl_typesupport_introspection_c[0m
[35m[1mConsolidate compiler generated dependencies of target usb_v1__rosidl_typesupport_fastrtps_c[0m
[ 25%] Built target usb_v1__rosidl_typesupport_cpp
[ 34%] Built target usb_v1__rosidl_typesupport_introspection_cpp
[ 42%] Built target usb_v1__rosidl_typesupport_fastrtps_cpp
[ 51%] Built target usb_v1__rosidl_typesupport_c
[ 60%] Built target usb_v1__rosidl_typesupport_introspection_c
[ 68%] Built target usb_v1__rosidl_typesupport_fastrtps_c
[ 68%] Built target usb_v1
[ 71%] Built target usb_v1__py
[35m[1mConsolidate compiler generated dependencies of target usb_v1__rosidl_generator_py[0m
[ 77%] Built target usb_v1__rosidl_generator_py
[35m[1mConsolidate compiler generated dependencies of target usb_v1__rosidl_typesupport_introspection_c__pyext[0m
[35m[1mConsolidate compiler generated dependencies of target usb_v1__rosidl_typesupport_c__pyext[0m
[35m[1mConsolidate compiler generated dependencies of target usb_v1__rosidl_typesupport_fastrtps_c__pyext[0m
[ 82%] Built target usb_v1__rosidl_typesupport_c__pyext
[ 88%] Built target usb_v1__rosidl_typesupport_introspection_c__pyext
[ 94%] Built target usb_v1__rosidl_typesupport_fastrtps_c__pyext
running egg_info
writing usb_v1.egg-info/PKG-INFO
writing dependency_links to usb_v1.egg-info/dependency_links.txt
writing top-level names to usb_v1.egg-info/top_level.txt
reading manifest file 'usb_v1.egg-info/SOURCES.txt'
writing manifest file 'usb_v1.egg-info/SOURCES.txt'
[ 94%] Built target ament_cmake_python_build_usb_v1_egg
[01m[K/home/knn/USB_test/src/usb_v1/src/Print_Data.cpp:[m[K In constructor â€˜[01m[KPrintData::PrintData()[m[Kâ€™:
[01m[K/home/knn/USB_test/src/usb_v1/src/Print_Data.cpp:69:112:[m[K [01;31m[Kerror: [m[Kâ€˜[01m[K_1[m[Kâ€™ was not declared in this scope; did you mean â€˜[01m[Kstd::placeholders::_1[m[Kâ€™?
   69 |         subJoy = create_subscription<usb_v1::msg::Joy>("Data", 10, std::bind(&PrintData::topic_callback, this, [01;31m[K_1[m[K)); // create subscription
      |                                                                                                                [01;31m[K^~[m[K
      |                                                                                                                [32m[Kstd::placeholders::_1[m[K
In file included from [01m[K/usr/include/c++/11/pstl/glue_algorithm_defs.h:13[m[K,
                 from [01m[K/usr/include/c++/11/algorithm:74[m[K,
                 from [01m[K/opt/ros/humble/include/rclcpp/rclcpp/executor.hpp:18[m[K,
                 from [01m[K/opt/ros/humble/include/rclcpp/rclcpp/executors/multi_threaded_executor.hpp:25[m[K,
                 from [01m[K/opt/ros/humble/include/rclcpp/rclcpp/executors.hpp:21[m[K,
                 from [01m[K/opt/ros/humble/include/rclcpp/rclcpp/rclcpp.hpp:155[m[K,
                 from [01m[K/home/knn/USB_test/src/usb_v1/src/Print_Data.cpp:9[m[K:
[01m[K/usr/include/c++/11/functional:225:34:[m[K [01;36m[Knote: [m[Kâ€˜[01m[Kstd::placeholders::_1[m[Kâ€™ declared here
  225 |     extern const _Placeholder<1> [01;36m[K_1[m[K;
      |                                  [01;36m[K^~[m[K
In file included from [01m[K/opt/ros/humble/include/rclcpp/rclcpp/logging.hpp:24[m[K,
                 from [01m[K/opt/ros/humble/include/rclcpp/rclcpp/client.hpp:40[m[K,
                 from [01m[K/opt/ros/humble/include/rclcpp/rclcpp/callback_group.hpp:24[m[K,
                 from [01m[K/opt/ros/humble/include/rclcpp/rclcpp/any_executable.hpp:20[m[K,
                 from [01m[K/opt/ros/humble/include/rclcpp/rclcpp/memory_strategy.hpp:25[m[K,
                 from [01m[K/opt/ros/humble/include/rclcpp/rclcpp/memory_strategies.hpp:18[m[K,
                 from [01m[K/opt/ros/humble/include/rclcpp/rclcpp/executor_options.hpp:20[m[K,
                 from [01m[K/opt/ros/humble/include/rclcpp/rclcpp/executor.hpp:37[m[K,
                 from [01m[K/opt/ros/humble/include/rclcpp/rclcpp/executors/multi_threaded_executor.hpp:25[m[K,
                 from [01m[K/opt/ros/humble/include/rclcpp/rclcpp/executors.hpp:21[m[K,
                 from [01m[K/opt/ros/humble/include/rclcpp/rclcpp/rclcpp.hpp:155[m[K,
                 from [01m[K/home/knn/USB_test/src/usb_v1/src/Print_Data.cpp:9[m[K:
[01m[K/home/knn/USB_test/src/usb_v1/src/Print_Data.cpp:[m[K In member function â€˜[01m[Kvoid PrintData::topic_callback(const Joy&)[m[Kâ€™:
[01m[K/home/knn/USB_test/src/usb_v1/src/Print_Data.cpp:78:25:[m[K [01;31m[Kerror: [m[Kâ€˜[01m[Kconst Joy[m[Kâ€™ {aka â€˜[01m[Kconst struct usb_v1::msg::Joy_<std::allocator<void> >[m[Kâ€™} has no member named â€˜[01m[Kmove1[m[Kâ€™
   78 |                     msg.[01;31m[Kmove1[m[K,
      |                         [01;31m[K^~~~~[m[K
[01m[K/home/knn/USB_test/src/usb_v1/src/Print_Data.cpp:79:25:[m[K [01;31m[Kerror: [m[Kâ€˜[01m[Kconst Joy[m[Kâ€™ {aka â€˜[01m[Kconst struct usb_v1::msg::Joy_<std::allocator<void> >[m[Kâ€™} has no member named â€˜[01m[Kmove2[m[Kâ€™
   79 |                     msg.[01;31m[Kmove2[m[K,
      |                         [01;31m[K^~~~~[m[K
[01m[K/home/knn/USB_test/src/usb_v1/src/Print_Data.cpp:80:25:[m[K [01;31m[Kerror: [m[Kâ€˜[01m[Kconst Joy[m[Kâ€™ {aka â€˜[01m[Kconst struct usb_v1::msg::Joy_<std::allocator<void> >[m[Kâ€™} has no member named â€˜[01m[Kmove3[m[Kâ€™
   80 |                     msg.[01;31m[Kmove3[m[K,
      |                         [01;31m[K^~~~~[m[K
[01m[K/home/knn/USB_test/src/usb_v1/src/Print_Data.cpp:81:25:[m[K [01;31m[Kerror: [m[Kâ€˜[01m[Kconst Joy[m[Kâ€™ {aka â€˜[01m[Kconst struct usb_v1::msg::Joy_<std::allocator<void> >[m[Kâ€™} has no member named â€˜[01m[Kmove4[m[Kâ€™
   81 |                     msg.[01;31m[Kmove4[m[K,
      |                         [01;31m[K^~~~~[m[K
[01m[K/home/knn/USB_test/src/usb_v1/src/Print_Data.cpp:82:25:[m[K [01;31m[Kerror: [m[Kâ€˜[01m[Kconst Joy[m[Kâ€™ {aka â€˜[01m[Kconst struct usb_v1::msg::Joy_<std::allocator<void> >[m[Kâ€™} has no member named â€˜[01m[Kset1[m[Kâ€™
   82 |                     msg.[01;31m[Kset1[m[K,
      |                         [01;31m[K^~~~[m[K
[01m[K/home/knn/USB_test/src/usb_v1/src/Print_Data.cpp:83:25:[m[K [01;31m[Kerror: [m[Kâ€˜[01m[Kconst Joy[m[Kâ€™ {aka â€˜[01m[Kconst struct usb_v1::msg::Joy_<std::allocator<void> >[m[Kâ€™} has no member named â€˜[01m[Kset2[m[Kâ€™
   83 |                     msg.[01;31m[Kset2[m[K,
      |                         [01;31m[K^~~~[m[K
[01m[K/home/knn/USB_test/src/usb_v1/src/Print_Data.cpp:84:25:[m[K [01;31m[Kerror: [m[Kâ€˜[01m[Kconst Joy[m[Kâ€™ {aka â€˜[01m[Kconst struct usb_v1::msg::Joy_<std::allocator<void> >[m[Kâ€™} has no member named â€˜[01m[Kattack1[m[Kâ€™
   84 |                     msg.[01;31m[Kattack1[m[K,
      |                         [01;31m[K^~~~~~~[m[K
[01m[K/home/knn/USB_test/src/usb_v1/src/Print_Data.cpp:85:25:[m[K [01;31m[Kerror: [m[Kâ€˜[01m[Kconst Joy[m[Kâ€™ {aka â€˜[01m[Kconst struct usb_v1::msg::Joy_<std::allocator<void> >[m[Kâ€™} has no member named â€˜[01m[Kattack2[m[Kâ€™
   85 |                     msg.[01;31m[Kattack2[m[K,
      |                         [01;31m[K^~~~~~~[m[K
[01m[K/home/knn/USB_test/src/usb_v1/src/Print_Data.cpp:86:25:[m[K [01;31m[Kerror: [m[Kâ€˜[01m[Kconst Joy[m[Kâ€™ {aka â€˜[01m[Kconst struct usb_v1::msg::Joy_<std::allocator<void> >[m[Kâ€™} has no member named â€˜[01m[Kattack3[m[Kâ€™
   86 |                     msg.[01;31m[Kattack3[m[K,
      |                         [01;31m[K^~~~~~~[m[K
[01m[K/home/knn/USB_test/src/usb_v1/src/Print_Data.cpp:87:25:[m[K [01;31m[Kerror: [m[Kâ€˜[01m[Kconst Joy[m[Kâ€™ {aka â€˜[01m[Kconst struct usb_v1::msg::Joy_<std::allocator<void> >[m[Kâ€™} has no member named â€˜[01m[Kattack4[m[Kâ€™
   87 |                     msg.[01;31m[Kattack4[m[K,
      |                         [01;31m[K^~~~~~~[m[K
[01m[K/home/knn/USB_test/src/usb_v1/src/Print_Data.cpp:88:25:[m[K [01;31m[Kerror: [m[Kâ€˜[01m[Kconst Joy[m[Kâ€™ {aka â€˜[01m[Kconst struct usb_v1::msg::Joy_<std::allocator<void> >[m[Kâ€™} has no member named â€˜[01m[Ksticklx[m[Kâ€™; did you mean â€˜[01m[Kstick_lx[m[Kâ€™?
   88 |                     msg.[01;31m[Ksticklx[m[K,
      |                         [01;31m[K^~~~~~~[m[K
[01m[K/home/knn/USB_test/src/usb_v1/src/Print_Data.cpp:89:25:[m[K [01;31m[Kerror: [m[Kâ€˜[01m[Kconst Joy[m[Kâ€™ {aka â€˜[01m[Kconst struct usb_v1::msg::Joy_<std::allocator<void> >[m[Kâ€™} has no member named â€˜[01m[Kstickly[m[Kâ€™; did you mean â€˜[01m[Kstick_ly[m[Kâ€™?
   89 |                     msg.[01;31m[Kstickly[m[K,
      |                         [01;31m[K^~~~~~~[m[K
[01m[K/home/knn/USB_test/src/usb_v1/src/Print_Data.cpp:90:25:[m[K [01;31m[Kerror: [m[Kâ€˜[01m[Kconst Joy[m[Kâ€™ {aka â€˜[01m[Kconst struct usb_v1::msg::Joy_<std::allocator<void> >[m[Kâ€™} has no member named â€˜[01m[Kstickrx[m[Kâ€™; did you mean â€˜[01m[Kstick_rx[m[Kâ€™?
   90 |                     msg.[01;31m[Kstickrx[m[K,
      |                         [01;31m[K^~~~~~~[m[K
[01m[K/home/knn/USB_test/src/usb_v1/src/Print_Data.cpp:91:25:[m[K [01;31m[Kerror: [m[Kâ€˜[01m[Kconst Joy[m[Kâ€™ {aka â€˜[01m[Kconst struct usb_v1::msg::Joy_<std::allocator<void> >[m[Kâ€™} has no member named â€˜[01m[Kstickry[m[Kâ€™; did you mean â€˜[01m[Kstick_ry[m[Kâ€™?
   91 |                     msg.[01;31m[Kstickry[m[K);
      |                         [01;31m[K^~~~~~~[m[K
[01m[K/home/knn/USB_test/src/usb_v1/src/USB_esp.cpp:[m[K In member function â€˜[01m[Kvoid USB::Runner()[m[Kâ€™:
[01m[K/home/knn/USB_test/src/usb_v1/src/USB_esp.cpp:98:17:[m[K [01;31m[Kerror: [m[Kâ€˜[01m[Kusing Joy = struct usb_v1::msg::Joy_<std::allocator<void> >[m[Kâ€™ {aka â€˜[01m[Kstruct usb_v1::msg::Joy_<std::allocator<void> >[m[Kâ€™} has no member named â€˜[01m[Kheader[m[Kâ€™
   98 |             msg.[01;31m[Kheader[m[K[0] = recvControllerData_t.Header[0];
      |                 [01;31m[K^~~~~~[m[K
[01m[K/home/knn/USB_test/src/usb_v1/src/USB_esp.cpp:99:17:[m[K [01;31m[Kerror: [m[Kâ€˜[01m[Kusing Joy = struct usb_v1::msg::Joy_<std::allocator<void> >[m[Kâ€™ {aka â€˜[01m[Kstruct usb_v1::msg::Joy_<std::allocator<void> >[m[Kâ€™} has no member named â€˜[01m[Kheader[m[Kâ€™
   99 |             msg.[01;31m[Kheader[m[K[1] = recvControllerData_t.Header[1];
      |                 [01;31m[K^~~~~~[m[K
[01m[K/home/knn/USB_test/src/usb_v1/src/USB_esp.cpp:101:17:[m[K [01;31m[Kerror: [m[Kâ€˜[01m[Kusing Joy = struct usb_v1::msg::Joy_<std::allocator<void> >[m[Kâ€™ {aka â€˜[01m[Kstruct usb_v1::msg::Joy_<std::allocator<void> >[m[Kâ€™} has no member named â€˜[01m[Kmove_1[m[Kâ€™
  101 |             msg.[01;31m[Kmove_1[m[K = recvControllerData_t.moveBtnBit.move1;
      |                 [01;31m[K^~~~~~[m[K
[01m[K/home/knn/USB_test/src/usb_v1/src/USB_esp.cpp:102:17:[m[K [01;31m[Kerror: [m[Kâ€˜[01m[Kusing Joy = struct usb_v1::msg::Joy_<std::allocator<void> >[m[Kâ€™ {aka â€˜[01m[Kstruct usb_v1::msg::Joy_<std::allocator<void> >[m[Kâ€™} has no member named â€˜[01m[Kmove_2[m[Kâ€™
  102 |             msg.[01;31m[Kmove_2[m[K = recvControllerData_t.moveBtnBit.move2;
      |                 [01;31m[K^~~~~~[m[K
[01m[K/home/knn/USB_test/src/usb_v1/src/USB_esp.cpp:103:17:[m[K [01;31m[Kerror: [m[Kâ€˜[01m[Kusing Joy = struct usb_v1::msg::Joy_<std::allocator<void> >[m[Kâ€™ {aka â€˜[01m[Kstruct usb_v1::msg::Joy_<std::allocator<void> >[m[Kâ€™} has no member named â€˜[01m[Kmove_3[m[Kâ€™
  103 |             msg.[01;31m[Kmove_3[m[K = recvControllerData_t.moveBtnBit.move3;
      |                 [01;31m[K^~~~~~[m[K
[01m[K/home/knn/USB_test/src/usb_v1/src/USB_esp.cpp:104:17:[m[K [01;31m[Kerror: [m[Kâ€˜[01m[Kusing Joy = struct usb_v1::msg::Joy_<std::allocator<void> >[m[Kâ€™ {aka â€˜[01m[Kstruct usb_v1::msg::Joy_<std::allocator<void> >[m[Kâ€™} has no member named â€˜[01m[Kmove_4[m[Kâ€™
  104 |             msg.[01;31m[Kmove_4[m[K = recvControllerData_t.moveBtnBit.move4;
      |                 [01;31m[K^~~~~~[m[K
[01m[K/home/knn/USB_test/src/usb_v1/src/USB_esp.cpp:105:17:[m[K [01;31m[Kerror: [m[Kâ€˜[01m[Kusing Joy = struct usb_v1::msg::Joy_<std::allocator<void> >[m[Kâ€™ {aka â€˜[01m[Kstruct usb_v1::msg::Joy_<std::allocator<void> >[m[Kâ€™} has no member named â€˜[01m[Kset1[m[Kâ€™
  105 |             msg.[01;31m[Kset1[m[K = recvControllerData_t.moveBtnBit.set1;
      |                 [01;31m[K^~~~[m[K
[01m[K/home/knn/USB_test/src/usb_v1/src/USB_esp.cpp:106:17:[m[K [01;31m[Kerror: [m[Kâ€˜[01m[Kusing Joy = struct usb_v1::msg::Joy_<std::allocator<void> >[m[Kâ€™ {aka â€˜[01m[Kstruct usb_v1::msg::Joy_<std::allocator<void> >[m[Kâ€™} has no member named â€˜[01m[Kset2[m[Kâ€™
  106 |             msg.[01;31m[Kset2[m[K = recvControllerData_t.moveBtnBit.set2;
      |                 [01;31m[K^~~~[m[K
[01m[K/home/knn/USB_test/src/usb_v1/src/USB_esp.cpp:108:17:[m[K [01;31m[Kerror: [m[Kâ€˜[01m[Kusing Joy = struct usb_v1::msg::Joy_<std::allocator<void> >[m[Kâ€™ {aka â€˜[01m[Kstruct usb_v1::msg::Joy_<std::allocator<void> >[m[Kâ€™} has no member named â€˜[01m[Kattack1[m[Kâ€™
  108 |             msg.[01;31m[Kattack1[m[K = recvControllerData_t.attackBtnBit.attack1;
      |                 [01;31m[K^~~~~~~[m[K
[01m[K/home/knn/USB_test/src/usb_v1/src/USB_esp.cpp:109:17:[m[K [01;31m[Kerror: [m[Kâ€˜[01m[Kusing Joy = struct usb_v1::msg::Joy_<std::allocator<void> >[m[Kâ€™ {aka â€˜[01m[Kstruct usb_v1::msg::Joy_<std::allocator<void> >[m[Kâ€™} has no member named â€˜[01m[Kattack2[m[Kâ€™
  109 |             msg.[01;31m[Kattack2[m[K = recvControllerData_t.attackBtnBit.attack2;
      |                 [01;31m[K^~~~~~~[m[K
[01m[K/home/knn/USB_test/src/usb_v1/src/USB_esp.cpp:110:17:[m[K [01;31m[Kerror: [m[Kâ€˜[01m[Kusing Joy = struct usb_v1::msg::Joy_<std::allocator<void> >[m[Kâ€™ {aka â€˜[01m[Kstruct usb_v1::msg::Joy_<std::allocator<void> >[m[Kâ€™} has no member named â€˜[01m[Kattack3[m[Kâ€™
  110 |             msg.[01;31m[Kattack3[m[K = recvControllerData_t.attackBtnBit.attack3;
      |                 [01;31m[K^~~~~~~[m[K
[01m[K/home/knn/USB_test/src/usb_v1/src/USB_esp.cpp:111:17:[m[K [01;31m[Kerror: [m[Kâ€˜[01m[Kusing Joy = struct usb_v1::msg::Joy_<std::allocator<void> >[m[Kâ€™ {aka â€˜[01m[Kstruct usb_v1::msg::Joy_<std::allocator<void> >[m[Kâ€™} has no member named â€˜[01m[Kattack4[m[Kâ€™
  111 |             msg.[01;31m[Kattack4[m[K = recvControllerData_t.attackBtnBit.attack4;
      |                 [01;31m[K^~~~~~~[m[K
gmake[2]: *** [CMakeFiles/listener.dir/build.make:76: CMakeFiles/listener.dir/src/Print_Data.cpp.o] Error 1
gmake[1]: *** [CMakeFiles/Makefile2:210: CMakeFiles/listener.dir/all] Error 2
gmake[1]: *** Waiting for unfinished jobs....
gmake[2]: *** [CMakeFiles/talker.dir/build.make:76: CMakeFiles/talker.dir/src/USB_esp.cpp.o] Error 1
gmake[1]: *** [CMakeFiles/Makefile2:184: CMakeFiles/talker.dir/all] Error 2
gmake: *** [Makefile:146: all] Error 2
