[0.008s] Invoking command in '/home/knn/USB_test/build/usb_v1': AMENT_PREFIX_PATH=/home/knn/USB_test/install/serial:${AMENT_PREFIX_PATH} CMAKE_PREFIX_PATH=/home/knn/USB_test/install/serial:/home/knn/abu2025_ws/install/ust_05ln_ros2:/home/knn/abu2025_ws/install/irob_maneuv3r:/home/knn/abu2025_ws/install/irob_launcher:/home/knn/abu2025_ws/install/irob_interface:/home/knn/abu2025_ws/install/irob_controller:/home/knn/abu2025_ws/install/irob_msgs:/home/knn/abu2025_ws/install/abu2025_ros2:/opt/ros/humble LD_LIBRARY_PATH=/home/knn/USB_test/install/serial/lib:${LD_LIBRARY_PATH} /usr/bin/cmake --build /home/knn/USB_test/build/usb_v1 -- -j12 -l12
[0.050s] [35m[1mConsolidate compiler generated dependencies of target listener[0m
[0.050s] [35m[1mConsolidate compiler generated dependencies of target talker[0m
[0.063s] [  2%] Built target usb_v1__cpp
[0.063s] [  2%] Built target ament_cmake_python_copy_usb_v1
[0.064s] [ 11%] Built target usb_v1__rosidl_generator_c
[0.069s] [ 14%] [32mBuilding CXX object CMakeFiles/listener.dir/src/Print_Data.cpp.o[0m
[0.072s] [ 17%] [32mBuilding CXX object CMakeFiles/talker.dir/src/USB_esp.cpp.o[0m
[0.102s] [ 42%] Built target usb_v1__rosidl_typesupport_introspection_cpp
[0.102s] [ 42%] Built target usb_v1__rosidl_typesupport_fastrtps_cpp
[0.102s] [ 42%] Built target usb_v1__rosidl_typesupport_cpp
[0.131s] [ 51%] Built target usb_v1__rosidl_typesupport_c
[0.131s] [ 60%] Built target usb_v1__rosidl_typesupport_introspection_c
[0.131s] [ 68%] Built target usb_v1__rosidl_typesupport_fastrtps_c
[0.157s] [ 68%] Built target usb_v1
[0.182s] [ 71%] Built target usb_v1__py
[0.208s] [ 77%] Built target usb_v1__rosidl_generator_py
[0.237s] [ 82%] Built target usb_v1__rosidl_typesupport_fastrtps_c__pyext
[0.237s] [ 94%] Built target usb_v1__rosidl_typesupport_c__pyext
[0.237s] [ 94%] Built target usb_v1__rosidl_typesupport_introspection_c__pyext
[0.370s] running egg_info
[0.370s] writing usb_v1.egg-info/PKG-INFO
[0.371s] writing dependency_links to usb_v1.egg-info/dependency_links.txt
[0.371s] writing top-level names to usb_v1.egg-info/top_level.txt
[0.373s] reading manifest file 'usb_v1.egg-info/SOURCES.txt'
[0.374s] writing manifest file 'usb_v1.egg-info/SOURCES.txt'
[0.402s] [ 94%] Built target ament_cmake_python_build_usb_v1_egg
[1.563s] [01m[K/home/knn/USB_test/src/usb_v1/src/USB_esp.cpp:60:36:[m[K [01;31m[Kerror: [m[Kâ€˜[01m[Kjoy[m[Kâ€™ is not a member of â€˜[01m[Kusb_v1::msg[m[Kâ€™; did you mean â€˜[01m[KJoy[m[Kâ€™?
[1.563s]    60 |     rclcpp::Publisher<usb_v1::msg::[01;31m[Kjoy[m[K>::SharedPtr pubJoy;
[1.564s]       |                                    [01;31m[K^~~[m[K
[1.564s]       |                                    [32m[KJoy[m[K
[1.564s] [01m[K/home/knn/USB_test/src/usb_v1/src/USB_esp.cpp:60:39:[m[K [01;31m[Kerror: [m[Ktemplate argument 1 is invalid
[1.564s]    60 |     rclcpp::Publisher<usb_v1::msg::joy[01;31m[K>[m[K::SharedPtr pubJoy;
[1.564s]       |                                       [01;31m[K^[m[K
[1.564s] [01m[K/home/knn/USB_test/src/usb_v1/src/USB_esp.cpp:60:42:[m[K [01;31m[Kerror: [m[Kexpected â€˜[01m[K;[m[Kâ€™ at end of member declaration
[1.564s]    60 |     rclcpp::Publisher<usb_v1::msg::joy>::[01;31m[KSharedPtr[m[K pubJoy;
[1.564s]       |                                          [01;31m[K^~~~~~~~~[m[K
[1.564s]       |                                                   [32m[K;[m[K
[1.564s] [01m[K/home/knn/USB_test/src/usb_v1/src/USB_esp.cpp:60:52:[m[K [01;31m[Kerror: [m[Kâ€˜[01m[KpubJoy[m[Kâ€™ does not name a type
[1.564s]    60 |     rclcpp::Publisher<usb_v1::msg::joy>::SharedPtr [01;31m[KpubJoy[m[K;
[1.565s]       |                                                    [01;31m[K^~~~~~[m[K
[1.571s] [01m[K/home/knn/USB_test/src/usb_v1/src/USB_esp.cpp:[m[K In constructor â€˜[01m[KUSB::USB()[m[Kâ€™:
[1.571s] [01m[K/home/knn/USB_test/src/usb_v1/src/USB_esp.cpp:73:9:[m[K [01;31m[Kerror: [m[Kâ€˜[01m[KpubJoy[m[Kâ€™ was not declared in this scope
[1.571s]    73 |         [01;31m[KpubJoy[m[K = create_publisher<usb_v1::msg::joy>("Data", 10);
[1.571s]       |         [01;31m[K^~~~~~[m[K
[1.571s] [01m[K/home/knn/USB_test/src/usb_v1/src/USB_esp.cpp:73:48:[m[K [01;31m[Kerror: [m[Kâ€˜[01m[Kjoy[m[Kâ€™ is not a member of â€˜[01m[Kusb_v1::msg[m[Kâ€™; did you mean â€˜[01m[KJoy[m[Kâ€™?
[1.571s]    73 |         pubJoy = create_publisher<usb_v1::msg::[01;31m[Kjoy[m[K>("Data", 10);
[1.571s]       |                                                [01;31m[K^~~[m[K
[1.571s]       |                                                [32m[KJoy[m[K
[1.572s] [01m[K/home/knn/USB_test/src/usb_v1/src/USB_esp.cpp:73:52:[m[K [01;31m[Kerror: [m[Kno matching function for call to â€˜[01m[KUSB::create_publisher<<expression error> >(const char [5], int)[m[Kâ€™
[1.572s]    73 |         pubJoy = [01;31m[Kcreate_publisher<usb_v1::msg::joy>("Data", 10)[m[K;
[1.572s]       |                  [01;31m[K~~~~~~~~~~~~~~~~~~~~~~~~~~~~~~~~~~^~~~~~~~~~~~[m[K
[1.573s] In file included from [01m[K/opt/ros/humble/include/rclcpp/rclcpp/executors/single_threaded_executor.hpp:28[m[K,
[1.573s]                  from [01m[K/opt/ros/humble/include/rclcpp/rclcpp/executors.hpp:22[m[K,
[1.573s]                  from [01m[K/opt/ros/humble/include/rclcpp/rclcpp/rclcpp.hpp:155[m[K,
[1.573s]                  from [01m[K/home/knn/USB_test/src/usb_v1/src/USB_esp.cpp:8[m[K:
[1.573s] [01m[K/opt/ros/humble/include/rclcpp/rclcpp/node.hpp:195:3:[m[K [01;36m[Knote: [m[Kcandidate: â€˜[01m[Ktemplate<class MessageT, class AllocatorT, class PublisherT> std::shared_ptr<PublisherT> rclcpp::Node::create_publisher(const string&, const rclcpp::QoS&, const rclcpp::PublisherOptionsWithAllocator<AllocatorT>&)[m[Kâ€™
[1.573s]   195 |   [01;36m[Kcreate_publisher[m[K(
[1.573s]       |   [01;36m[K^~~~~~~~~~~~~~~~[m[K
[1.573s] [01m[K/opt/ros/humble/include/rclcpp/rclcpp/node.hpp:195:3:[m[K [01;36m[Knote: [m[K  template argument deduction/substitution failed:
[1.573s] [01m[K/home/knn/USB_test/src/usb_v1/src/USB_esp.cpp:73:52:[m[K [01;31m[Kerror: [m[Ktemplate argument 1 is invalid
[1.573s]    73 |         pubJoy = [01;31m[Kcreate_publisher<usb_v1::msg::joy>("Data", 10)[m[K;
[1.574s]       |                  [01;31m[K~~~~~~~~~~~~~~~~~~~~~~~~~~~~~~~~~~^~~~~~~~~~~~[m[K
[1.580s] [01m[K/home/knn/USB_test/src/usb_v1/src/USB_esp.cpp:[m[K In member function â€˜[01m[Kvoid USB::Runner()[m[Kâ€™:
[1.580s] [01m[K/home/knn/USB_test/src/usb_v1/src/USB_esp.cpp:97:24:[m[K [01;31m[Kerror: [m[Kfound â€˜[01m[K:[m[Kâ€™ in nested-name-specifier, expected â€˜[01m[K::[m[Kâ€™
[1.581s]    97 |             usb_v1::msg[01;31m[K:[m[Kjoy msg;
[1.581s]       |                        [01;31m[K^[m[K
[1.581s]       |                        [32m[K::[m[K
[1.581s] [01m[K/home/knn/USB_test/src/usb_v1/src/USB_esp.cpp:97:25:[m[K [01;31m[Kerror: [m[Kâ€˜[01m[Kjoy[m[Kâ€™ is not a member of â€˜[01m[Kusb_v1::msg[m[Kâ€™; did you mean â€˜[01m[KJoy[m[Kâ€™?
[1.581s]    97 |             usb_v1::msg:[01;31m[Kjoy[m[K msg;
[1.581s]       |                         [01;31m[K^~~[m[K
[1.581s]       |                         [32m[KJoy[m[K
[1.582s] [01m[K/home/knn/USB_test/src/usb_v1/src/USB_esp.cpp:98:13:[m[K [01;31m[Kerror: [m[Kâ€˜[01m[Kmsg[m[Kâ€™ was not declared in this scope
[1.582s]    98 |             [01;31m[Kmsg[m[K.header[0] = recvControllerData_t.Header[0];
[1.582s]       |             [01;31m[K^~~[m[K
[1.582s] [01m[K/home/knn/USB_test/src/usb_v1/src/USB_esp.cpp:98:13:[m[K [01;36m[Knote: [m[Ksuggested alternatives:
[1.582s] In file included from [01m[K/opt/ros/humble/include/builtin_interfaces/builtin_interfaces/msg/duration.hpp:7[m[K,
[1.582s]                  from [01m[K/opt/ros/humble/include/rclcpp/rclcpp/duration.hpp:20[m[K,
[1.582s]                  from [01m[K/opt/ros/humble/include/rclcpp/rclcpp/qos.hpp:20[m[K,
[1.582s]                  from [01m[K/opt/ros/humble/include/rclcpp/rclcpp/node_interfaces/node_graph_interface.hpp:32[m[K,
[1.582s]                  from [01m[K/opt/ros/humble/include/rclcpp/rclcpp/client.hpp:42[m[K,
[1.582s]                  from [01m[K/opt/ros/humble/include/rclcpp/rclcpp/callback_group.hpp:24[m[K,
[1.582s]                  from [01m[K/opt/ros/humble/include/rclcpp/rclcpp/any_executable.hpp:20[m[K,
[1.583s]                  from [01m[K/opt/ros/humble/include/rclcpp/rclcpp/memory_strategy.hpp:25[m[K,
[1.583s]                  from [01m[K/opt/ros/humble/include/rclcpp/rclcpp/memory_strategies.hpp:18[m[K,
[1.583s]                  from [01m[K/opt/ros/humble/include/rclcpp/rclcpp/executor_options.hpp:20[m[K,
[1.583s]                  from [01m[K/opt/ros/humble/include/rclcpp/rclcpp/executor.hpp:37[m[K,
[1.583s]                  from [01m[K/opt/ros/humble/include/rclcpp/rclcpp/executors/multi_threaded_executor.hpp:25[m[K,
[1.583s]                  from [01m[K/opt/ros/humble/include/rclcpp/rclcpp/executors.hpp:21[m[K,
[1.583s]                  from [01m[K/opt/ros/humble/include/rclcpp/rclcpp/rclcpp.hpp:155[m[K,
[1.583s]                  from [01m[K/home/knn/USB_test/src/usb_v1/src/USB_esp.cpp:8[m[K:
[1.583s] [01m[K/opt/ros/humble/include/builtin_interfaces/builtin_interfaces/msg/detail/duration__struct.hpp:27:11:[m[K [01;36m[Knote: [m[K  â€˜[01m[Kbuiltin_interfaces::msg[m[Kâ€™
[1.583s]    27 | namespace [01;36m[Kmsg[m[K
[1.583s]       |           [01;36m[K^~~[m[K
[1.584s] In file included from [01m[K/opt/ros/humble/include/rcl_interfaces/rcl_interfaces/msg/set_parameters_result.hpp:7[m[K,
[1.584s]                  from [01m[K/opt/ros/humble/include/rclcpp/rclcpp/qos_overriding_options.hpp:28[m[K,
[1.584s]                  from [01m[K/opt/ros/humble/include/rclcpp/rclcpp/subscription_options.hpp:30[m[K,
[1.584s]                  from [01m[K/opt/ros/humble/include/rclcpp/rclcpp/subscription.hpp:45[m[K,
[1.584s]                  from [01m[K/opt/ros/humble/include/rclcpp/rclcpp/any_executable.hpp:25[m[K,
[1.584s]                  from [01m[K/opt/ros/humble/include/rclcpp/rclcpp/memory_strategy.hpp:25[m[K,
[1.584s]                  from [01m[K/opt/ros/humble/include/rclcpp/rclcpp/memory_strategies.hpp:18[m[K,
[1.584s]                  from [01m[K/opt/ros/humble/include/rclcpp/rclcpp/executor_options.hpp:20[m[K,
[1.584s]                  from [01m[K/opt/ros/humble/include/rclcpp/rclcpp/executor.hpp:37[m[K,
[1.585s]                  from [01m[K/opt/ros/humble/include/rclcpp/rclcpp/executors/multi_threaded_executor.hpp:25[m[K,
[1.585s]                  from [01m[K/opt/ros/humble/include/rclcpp/rclcpp/executors.hpp:21[m[K,
[1.585s]                  from [01m[K/opt/ros/humble/include/rclcpp/rclcpp/rclcpp.hpp:155[m[K,
[1.585s]                  from [01m[K/home/knn/USB_test/src/usb_v1/src/USB_esp.cpp:8[m[K:
[1.585s] [01m[K/opt/ros/humble/include/rcl_interfaces/rcl_interfaces/msg/detail/set_parameters_result__struct.hpp:27:11:[m[K [01;36m[Knote: [m[K  â€˜[01m[Krcl_interfaces::msg[m[Kâ€™
[1.585s]    27 | namespace [01;36m[Kmsg[m[K
[1.585s]       |           [01;36m[K^~~[m[K
[1.585s] In file included from [01m[K/opt/ros/humble/include/statistics_msgs/statistics_msgs/msg/detail/metrics_message__struct.hpp:23[m[K,
[1.585s]                  from [01m[K/opt/ros/humble/include/statistics_msgs/statistics_msgs/msg/metrics_message.hpp:7[m[K,
[1.586s]                  from [01m[K/opt/ros/humble/include/libstatistics_collector/libstatistics_collector/collector/generate_statistics_message.hpp:21[m[K,
[1.586s]                  from [01m[K/opt/ros/humble/include/rclcpp/rclcpp/topic_statistics/subscription_topic_statistics.hpp:23[m[K,
[1.586s]                  from [01m[K/opt/ros/humble/include/rclcpp/rclcpp/subscription.hpp:50[m[K,
[1.586s]                  from [01m[K/opt/ros/humble/include/rclcpp/rclcpp/any_executable.hpp:25[m[K,
[1.586s]                  from [01m[K/opt/ros/humble/include/rclcpp/rclcpp/memory_strategy.hpp:25[m[K,
[1.586s]                  from [01m[K/opt/ros/humble/include/rclcpp/rclcpp/memory_strategies.hpp:18[m[K,
[1.586s]                  from [01m[K/opt/ros/humble/include/rclcpp/rclcpp/executor_options.hpp:20[m[K,
[1.586s]                  from [01m[K/opt/ros/humble/include/rclcpp/rclcpp/executor.hpp:37[m[K,
[1.586s]                  from [01m[K/opt/ros/humble/include/rclcpp/rclcpp/executors/multi_threaded_executor.hpp:25[m[K,
[1.586s]                  from [01m[K/opt/ros/humble/include/rclcpp/rclcpp/executors.hpp:21[m[K,
[1.587s]                  from [01m[K/opt/ros/humble/include/rclcpp/rclcpp/rclcpp.hpp:155[m[K,
[1.587s]                  from [01m[K/home/knn/USB_test/src/usb_v1/src/USB_esp.cpp:8[m[K:
[1.587s] [01m[K/opt/ros/humble/include/statistics_msgs/statistics_msgs/msg/detail/statistic_data_point__struct.hpp:27:11:[m[K [01;36m[Knote: [m[K  â€˜[01m[Kstatistics_msgs::msg[m[Kâ€™
[1.587s]    27 | namespace [01;36m[Kmsg[m[K
[1.587s]       |           [01;36m[K^~~[m[K
[1.587s] In file included from [01m[K/home/knn/USB_test/install/usb_v1/include/usb_v1/usb_v1/msg/joy.hpp:7[m[K,
[1.587s]                  from [01m[K/home/knn/USB_test/src/usb_v1/src/USB_esp.cpp:10[m[K:
[1.587s] [01m[K/home/knn/USB_test/install/usb_v1/include/usb_v1/usb_v1/msg/detail/joy__struct.hpp:27:11:[m[K [01;36m[Knote: [m[K  â€˜[01m[Kusb_v1::msg[m[Kâ€™
[1.587s]    27 | namespace [01;36m[Kmsg[m[K
[1.587s]       |           [01;36m[K^~~[m[K
[1.587s] [01m[K/home/knn/USB_test/src/usb_v1/src/Print_Data.cpp:[m[K In constructor â€˜[01m[KPrintData::PrintData()[m[Kâ€™:
[1.587s] [01m[K/home/knn/USB_test/src/usb_v1/src/Print_Data.cpp:69:112:[m[K [01;31m[Kerror: [m[Kâ€˜[01m[K_1[m[Kâ€™ was not declared in this scope; did you mean â€˜[01m[Kstd::placeholders::_1[m[Kâ€™?
[1.588s]    69 |         subJoy = create_subscription<usb_v1::msg::Joy>("Data", 10, std::bind(&PrintData::topic_callback, this, [01;31m[K_1[m[K)); // create subscription
[1.588s]       |                                                                                                                [01;31m[K^~[m[K
[1.588s]       |                                                                                                                [32m[Kstd::placeholders::_1[m[K
[1.588s] In file included from [01m[K/usr/include/c++/11/pstl/glue_algorithm_defs.h:13[m[K,
[1.588s]                  from [01m[K/usr/include/c++/11/algorithm:74[m[K,
[1.588s]                  from [01m[K/opt/ros/humble/include/rclcpp/rclcpp/executor.hpp:18[m[K,
[1.588s]                  from [01m[K/opt/ros/humble/include/rclcpp/rclcpp/executors/multi_threaded_executor.hpp:25[m[K,
[1.588s]                  from [01m[K/opt/ros/humble/include/rclcpp/rclcpp/executors.hpp:21[m[K,
[1.588s]                  from [01m[K/opt/ros/humble/include/rclcpp/rclcpp/rclcpp.hpp:155[m[K,
[1.588s]                  from [01m[K/home/knn/USB_test/src/usb_v1/src/Print_Data.cpp:9[m[K:
[1.588s] [01m[K/usr/include/c++/11/functional:225:34:[m[K [01;36m[Knote: [m[Kâ€˜[01m[Kstd::placeholders::_1[m[Kâ€™ declared here
[1.589s]   225 |     extern const _Placeholder<1> [01;36m[K_1[m[K;
[1.589s]       |                                  [01;36m[K^~[m[K
[1.589s] In file included from [01m[K/opt/ros/humble/include/rclcpp/rclcpp/logging.hpp:24[m[K,
[1.589s]                  from [01m[K/opt/ros/humble/include/rclcpp/rclcpp/client.hpp:40[m[K,
[1.589s]                  from [01m[K/opt/ros/humble/include/rclcpp/rclcpp/callback_group.hpp:24[m[K,
[1.589s]                  from [01m[K/opt/ros/humble/include/rclcpp/rclcpp/any_executable.hpp:20[m[K,
[1.589s]                  from [01m[K/opt/ros/humble/include/rclcpp/rclcpp/memory_strategy.hpp:25[m[K,
[1.589s]                  from [01m[K/opt/ros/humble/include/rclcpp/rclcpp/memory_strategies.hpp:18[m[K,
[1.589s]                  from [01m[K/opt/ros/humble/include/rclcpp/rclcpp/executor_options.hpp:20[m[K,
[1.589s]                  from [01m[K/opt/ros/humble/include/rclcpp/rclcpp/executor.hpp:37[m[K,
[1.589s]                  from [01m[K/opt/ros/humble/include/rclcpp/rclcpp/executors/multi_threaded_executor.hpp:25[m[K,
[1.589s]                  from [01m[K/opt/ros/humble/include/rclcpp/rclcpp/executors.hpp:21[m[K,
[1.590s]                  from [01m[K/opt/ros/humble/include/rclcpp/rclcpp/rclcpp.hpp:155[m[K,
[1.590s]                  from [01m[K/home/knn/USB_test/src/usb_v1/src/Print_Data.cpp:9[m[K:
[1.590s] [01m[K/home/knn/USB_test/src/usb_v1/src/Print_Data.cpp:[m[K In member function â€˜[01m[Kvoid PrintData::topic_callback(const Joy&)[m[Kâ€™:
[1.590s] [01m[K/home/knn/USB_test/src/usb_v1/src/Print_Data.cpp:78:25:[m[K [01;31m[Kerror: [m[Kâ€˜[01m[Kconst Joy[m[Kâ€™ {aka â€˜[01m[Kconst struct usb_v1::msg::Joy_<std::allocator<void> >[m[Kâ€™} has no member named â€˜[01m[Kmove1[m[Kâ€™; did you mean â€˜[01m[Kmove_1[m[Kâ€™?
[1.590s]    78 |                     msg.[01;31m[Kmove1[m[K,
[1.590s]       |                         [01;31m[K^~~~~[m[K
[1.590s] [01m[K/home/knn/USB_test/src/usb_v1/src/Print_Data.cpp:79:25:[m[K [01;31m[Kerror: [m[Kâ€˜[01m[Kconst Joy[m[Kâ€™ {aka â€˜[01m[Kconst struct usb_v1::msg::Joy_<std::allocator<void> >[m[Kâ€™} has no member named â€˜[01m[Kmove2[m[Kâ€™; did you mean â€˜[01m[Kmove_2[m[Kâ€™?
[1.590s]    79 |                     msg.[01;31m[Kmove2[m[K,
[1.590s]       |                         [01;31m[K^~~~~[m[K
[1.590s] [01m[K/home/knn/USB_test/src/usb_v1/src/Print_Data.cpp:80:25:[m[K [01;31m[Kerror: [m[Kâ€˜[01m[Kconst Joy[m[Kâ€™ {aka â€˜[01m[Kconst struct usb_v1::msg::Joy_<std::allocator<void> >[m[Kâ€™} has no member named â€˜[01m[Kmove3[m[Kâ€™; did you mean â€˜[01m[Kmove_3[m[Kâ€™?
[1.590s]    80 |                     msg.[01;31m[Kmove3[m[K,
[1.590s]       |                         [01;31m[K^~~~~[m[K
[1.591s] [01m[K/home/knn/USB_test/src/usb_v1/src/Print_Data.cpp:81:25:[m[K [01;31m[Kerror: [m[Kâ€˜[01m[Kconst Joy[m[Kâ€™ {aka â€˜[01m[Kconst struct usb_v1::msg::Joy_<std::allocator<void> >[m[Kâ€™} has no member named â€˜[01m[Kmove4[m[Kâ€™; did you mean â€˜[01m[Kmove_4[m[Kâ€™?
[1.591s]    81 |                     msg.[01;31m[Kmove4[m[K,
[1.591s]       |                         [01;31m[K^~~~~[m[K
[1.591s] [01m[K/home/knn/USB_test/src/usb_v1/src/Print_Data.cpp:88:25:[m[K [01;31m[Kerror: [m[Kâ€˜[01m[Kconst Joy[m[Kâ€™ {aka â€˜[01m[Kconst struct usb_v1::msg::Joy_<std::allocator<void> >[m[Kâ€™} has no member named â€˜[01m[Ksticklx[m[Kâ€™; did you mean â€˜[01m[Kstick_lx[m[Kâ€™?
[1.591s]    88 |                     msg.[01;31m[Ksticklx[m[K,
[1.591s]       |                         [01;31m[K^~~~~~~[m[K
[1.591s] [01m[K/home/knn/USB_test/src/usb_v1/src/Print_Data.cpp:89:25:[m[K [01;31m[Kerror: [m[Kâ€˜[01m[Kconst Joy[m[Kâ€™ {aka â€˜[01m[Kconst struct usb_v1::msg::Joy_<std::allocator<void> >[m[Kâ€™} has no member named â€˜[01m[Kstickly[m[Kâ€™; did you mean â€˜[01m[Kstick_ly[m[Kâ€™?
[1.591s]    89 |                     msg.[01;31m[Kstickly[m[K,
[1.591s]       |                         [01;31m[K^~~~~~~[m[K
[1.591s] [01m[K/home/knn/USB_test/src/usb_v1/src/Print_Data.cpp:90:25:[m[K [01;31m[Kerror: [m[Kâ€˜[01m[Kconst Joy[m[Kâ€™ {aka â€˜[01m[Kconst struct usb_v1::msg::Joy_<std::allocator<void> >[m[Kâ€™} has no member named â€˜[01m[Kstickrx[m[Kâ€™; did you mean â€˜[01m[Kstick_rx[m[Kâ€™?
[1.591s]    90 |                     msg.[01;31m[Kstickrx[m[K,
[1.591s]       |                         [01;31m[K^~~~~~~[m[K
[1.592s] [01m[K/home/knn/USB_test/src/usb_v1/src/Print_Data.cpp:91:25:[m[K [01;31m[Kerror: [m[Kâ€˜[01m[Kconst Joy[m[Kâ€™ {aka â€˜[01m[Kconst struct usb_v1::msg::Joy_<std::allocator<void> >[m[Kâ€™} has no member named â€˜[01m[Kstickry[m[Kâ€™; did you mean â€˜[01m[Kstick_ry[m[Kâ€™?
[1.592s]    91 |                     msg.[01;31m[Kstickry[m[K);
[1.592s]       |                         [01;31m[K^~~~~~~[m[K
[1.592s] [01m[K/home/knn/USB_test/src/usb_v1/src/USB_esp.cpp:118:13:[m[K [01;31m[Kerror: [m[Kâ€˜[01m[KpubJoy[m[Kâ€™ was not declared in this scope
[1.592s]   118 |             [01;31m[KpubJoy[m[K->publish(msg);
[1.592s]       |             [01;31m[K^~~~~~[m[K
[1.868s] gmake[2]: *** [CMakeFiles/listener.dir/build.make:76: CMakeFiles/listener.dir/src/Print_Data.cpp.o] Error 1
[1.868s] gmake[1]: *** [CMakeFiles/Makefile2:210: CMakeFiles/listener.dir/all] Error 2
[1.869s] gmake[1]: *** Waiting for unfinished jobs....
[1.897s] gmake[2]: *** [CMakeFiles/talker.dir/build.make:76: CMakeFiles/talker.dir/src/USB_esp.cpp.o] Error 1
[1.897s] gmake[1]: *** [CMakeFiles/Makefile2:184: CMakeFiles/talker.dir/all] Error 2
[1.897s] gmake: *** [Makefile:146: all] Error 2
[1.900s] Invoked command in '/home/knn/USB_test/build/usb_v1' returned '2': AMENT_PREFIX_PATH=/home/knn/USB_test/install/serial:${AMENT_PREFIX_PATH} CMAKE_PREFIX_PATH=/home/knn/USB_test/install/serial:/home/knn/abu2025_ws/install/ust_05ln_ros2:/home/knn/abu2025_ws/install/irob_maneuv3r:/home/knn/abu2025_ws/install/irob_launcher:/home/knn/abu2025_ws/install/irob_interface:/home/knn/abu2025_ws/install/irob_controller:/home/knn/abu2025_ws/install/irob_msgs:/home/knn/abu2025_ws/install/abu2025_ros2:/opt/ros/humble LD_LIBRARY_PATH=/home/knn/USB_test/install/serial/lib:${LD_LIBRARY_PATH} /usr/bin/cmake --build /home/knn/USB_test/build/usb_v1 -- -j12 -l12
