[01m[K/home/knn/USB_test/src/usb_v1/src/Print_Data.cpp:[m[K In constructor â€˜[01m[KPrintData::PrintData()[m[Kâ€™:
[01m[K/home/knn/USB_test/src/usb_v1/src/Print_Data.cpp:69:112:[m[K [01;31m[Kerror: [m[Kâ€˜[01m[K_1[m[Kâ€™ was not declared in this scope; did you mean â€˜[01m[Kstd::placeholders::_1[m[Kâ€™?
   69 |         subJoy = create_subscription<usb_v1::msg::Joy>("Data", 10, std::bind(&PrintData::topic_callback, this, [01;31m[K_1[m[K)); // create subscription
      |                                                                                                                [01;31m[K^~[m[K
      |                                                                                                                [32m[Kstd::placeholders::_1[m[K
In file included from [01m[K/usr/include/c++/11/pstl/glue_algorithm_defs.h:13[m[K,
                 from [01m[K/usr/include/c++/11/algorithm:74[m[K,
                 from [01m[K/opt/ros/humble/include/rclcpp/rclcpp/executor.hpp:18[m[K,
                 from [01m[K/opt/ros/humble/include/rclcpp/rclcpp/executors/multi_threaded_executor.hpp:25[m[K,
                 from [01m[K/opt/ros/humble/include/rclcpp/rclcpp/executors.hpp:21[m[K,
                 from [01m[K/opt/ros/humble/include/rclcpp/rclcpp/rclcpp.hpp:155[m[K,
                 from [01m[K/home/knn/USB_test/src/usb_v1/src/Print_Data.cpp:9[m[K:
[01m[K/usr/include/c++/11/functional:225:34:[m[K [01;36m[Knote: [m[Kâ€˜[01m[Kstd::placeholders::_1[m[Kâ€™ declared here
  225 |     extern const _Placeholder<1> [01;36m[K_1[m[K;
      |                                  [01;36m[K^~[m[K
In file included from [01m[K/opt/ros/humble/include/rclcpp/rclcpp/logging.hpp:24[m[K,
                 from [01m[K/opt/ros/humble/include/rclcpp/rclcpp/client.hpp:40[m[K,
                 from [01m[K/opt/ros/humble/include/rclcpp/rclcpp/callback_group.hpp:24[m[K,
                 from [01m[K/opt/ros/humble/include/rclcpp/rclcpp/any_executable.hpp:20[m[K,
                 from [01m[K/opt/ros/humble/include/rclcpp/rclcpp/memory_strategy.hpp:25[m[K,
                 from [01m[K/opt/ros/humble/include/rclcpp/rclcpp/memory_strategies.hpp:18[m[K,
                 from [01m[K/opt/ros/humble/include/rclcpp/rclcpp/executor_options.hpp:20[m[K,
                 from [01m[K/opt/ros/humble/include/rclcpp/rclcpp/executor.hpp:37[m[K,
                 from [01m[K/opt/ros/humble/include/rclcpp/rclcpp/executors/multi_threaded_executor.hpp:25[m[K,
                 from [01m[K/opt/ros/humble/include/rclcpp/rclcpp/executors.hpp:21[m[K,
                 from [01m[K/opt/ros/humble/include/rclcpp/rclcpp/rclcpp.hpp:155[m[K,
                 from [01m[K/home/knn/USB_test/src/usb_v1/src/Print_Data.cpp:9[m[K:
[01m[K/home/knn/USB_test/src/usb_v1/src/Print_Data.cpp:[m[K In member function â€˜[01m[Kvoid PrintData::topic_callback(const Joy&)[m[Kâ€™:
[01m[K/home/knn/USB_test/src/usb_v1/src/Print_Data.cpp:78:25:[m[K [01;31m[Kerror: [m[Kâ€˜[01m[Kconst Joy[m[Kâ€™ {aka â€˜[01m[Kconst struct usb_v1::msg::Joy_<std::allocator<void> >[m[Kâ€™} has no member named â€˜[01m[Kmove1[m[Kâ€™; did you mean â€˜[01m[Kmove_1[m[Kâ€™?
   78 |                     msg.[01;31m[Kmove1[m[K,
      |                         [01;31m[K^~~~~[m[K
[01m[K/home/knn/USB_test/src/usb_v1/src/Print_Data.cpp:79:25:[m[K [01;31m[Kerror: [m[Kâ€˜[01m[Kconst Joy[m[Kâ€™ {aka â€˜[01m[Kconst struct usb_v1::msg::Joy_<std::allocator<void> >[m[Kâ€™} has no member named â€˜[01m[Kmove2[m[Kâ€™; did you mean â€˜[01m[Kmove_2[m[Kâ€™?
   79 |                     msg.[01;31m[Kmove2[m[K,
      |                         [01;31m[K^~~~~[m[K
[01m[K/home/knn/USB_test/src/usb_v1/src/Print_Data.cpp:80:25:[m[K [01;31m[Kerror: [m[Kâ€˜[01m[Kconst Joy[m[Kâ€™ {aka â€˜[01m[Kconst struct usb_v1::msg::Joy_<std::allocator<void> >[m[Kâ€™} has no member named â€˜[01m[Kmove3[m[Kâ€™; did you mean â€˜[01m[Kmove_3[m[Kâ€™?
   80 |                     msg.[01;31m[Kmove3[m[K,
      |                         [01;31m[K^~~~~[m[K
[01m[K/home/knn/USB_test/src/usb_v1/src/Print_Data.cpp:81:25:[m[K [01;31m[Kerror: [m[Kâ€˜[01m[Kconst Joy[m[Kâ€™ {aka â€˜[01m[Kconst struct usb_v1::msg::Joy_<std::allocator<void> >[m[Kâ€™} has no member named â€˜[01m[Kmove4[m[Kâ€™; did you mean â€˜[01m[Kmove_4[m[Kâ€™?
   81 |                     msg.[01;31m[Kmove4[m[K,
      |                         [01;31m[K^~~~~[m[K
[01m[K/home/knn/USB_test/src/usb_v1/src/Print_Data.cpp:88:25:[m[K [01;31m[Kerror: [m[Kâ€˜[01m[Kconst Joy[m[Kâ€™ {aka â€˜[01m[Kconst struct usb_v1::msg::Joy_<std::allocator<void> >[m[Kâ€™} has no member named â€˜[01m[Ksticklx[m[Kâ€™; did you mean â€˜[01m[Kstick_lx[m[Kâ€™?
   88 |                     msg.[01;31m[Ksticklx[m[K,
      |                         [01;31m[K^~~~~~~[m[K
[01m[K/home/knn/USB_test/src/usb_v1/src/Print_Data.cpp:89:25:[m[K [01;31m[Kerror: [m[Kâ€˜[01m[Kconst Joy[m[Kâ€™ {aka â€˜[01m[Kconst struct usb_v1::msg::Joy_<std::allocator<void> >[m[Kâ€™} has no member named â€˜[01m[Kstickly[m[Kâ€™; did you mean â€˜[01m[Kstick_ly[m[Kâ€™?
   89 |                     msg.[01;31m[Kstickly[m[K,
      |                         [01;31m[K^~~~~~~[m[K
[01m[K/home/knn/USB_test/src/usb_v1/src/Print_Data.cpp:90:25:[m[K [01;31m[Kerror: [m[Kâ€˜[01m[Kconst Joy[m[Kâ€™ {aka â€˜[01m[Kconst struct usb_v1::msg::Joy_<std::allocator<void> >[m[Kâ€™} has no member named â€˜[01m[Kstickrx[m[Kâ€™; did you mean â€˜[01m[Kstick_rx[m[Kâ€™?
   90 |                     msg.[01;31m[Kstickrx[m[K,
      |                         [01;31m[K^~~~~~~[m[K
[01m[K/home/knn/USB_test/src/usb_v1/src/Print_Data.cpp:91:25:[m[K [01;31m[Kerror: [m[Kâ€˜[01m[Kconst Joy[m[Kâ€™ {aka â€˜[01m[Kconst struct usb_v1::msg::Joy_<std::allocator<void> >[m[Kâ€™} has no member named â€˜[01m[Kstickry[m[Kâ€™; did you mean â€˜[01m[Kstick_ry[m[Kâ€™?
   91 |                     msg.[01;31m[Kstickry[m[K);
      |                         [01;31m[K^~~~~~~[m[K
gmake[2]: *** [CMakeFiles/listener.dir/build.make:76: CMakeFiles/listener.dir/src/Print_Data.cpp.o] Error 1
gmake[1]: *** [CMakeFiles/Makefile2:210: CMakeFiles/listener.dir/all] Error 2
gmake: *** [Makefile:146: all] Error 2
